{"C:\\Users\\Nanna\\Documents\\code\\konnektaro-be\\src\\db.ts": {"path":"C:\\Users\\Nanna\\Documents\\code\\konnektaro-be\\src\\db.ts","statementMap":{"0":{"start":{"line":1,"column":0},"end":{"line":1,"column":59}},"1":{"start":{"line":3,"column":12},"end":{"line":3,"column":43}},"2":{"start":{"line":5,"column":15},"end":{"line":11,"column":2}},"3":{"start":{"line":15,"column":25},"end":{"line":25,"column":1}},"4":{"start":{"line":16,"column":4},"end":{"line":24,"column":5}},"5":{"start":{"line":17,"column":8},"end":{"line":17,"column":null}},"6":{"start":{"line":18,"column":8},"end":{"line":18,"column":37}},"7":{"start":{"line":19,"column":8},"end":{"line":19,"column":null}},"8":{"start":{"line":20,"column":8},"end":{"line":20,"column":null}},"9":{"start":{"line":22,"column":8},"end":{"line":22,"column":null}},"10":{"start":{"line":23,"column":8},"end":{"line":23,"column":null}},"11":{"start":{"line":15,"column":13},"end":{"line":15,"column":25}},"12":{"start":{"line":27,"column":21},"end":{"line":30,"column":1}},"13":{"start":{"line":28,"column":4},"end":{"line":28,"column":null}},"14":{"start":{"line":28,"column":13},"end":{"line":28,"column":null}},"15":{"start":{"line":29,"column":4},"end":{"line":29,"column":null}},"16":{"start":{"line":27,"column":13},"end":{"line":27,"column":21}}},"fnMap":{"0":{"name":"(anonymous_0)","decl":{"start":{"line":15,"column":25},"end":{"line":15,"column":30}},"loc":{"start":{"line":15,"column":36},"end":{"line":25,"column":1}}},"1":{"name":"(anonymous_1)","decl":{"start":{"line":27,"column":21},"end":{"line":27,"column":28}},"loc":{"start":{"line":27,"column":30},"end":{"line":30,"column":1}}}},"branchMap":{"0":{"loc":{"start":{"line":28,"column":4},"end":{"line":28,"column":null}},"type":"if","locations":[{"start":{"line":28,"column":4},"end":{"line":28,"column":null}},{"start":{},"end":{}}]}},"s":{"0":0,"1":0,"2":0,"3":0,"4":0,"5":0,"6":0,"7":0,"8":0,"9":0,"10":0,"11":0,"12":0,"13":0,"14":0,"15":0,"16":0},"f":{"0":0,"1":0},"b":{"0":[0,0]}}
,"C:\\Users\\Nanna\\Documents\\code\\konnektaro-be\\src\\index.ts": {"path":"C:\\Users\\Nanna\\Documents\\code\\konnektaro-be\\src\\index.ts","statementMap":{"0":{"start":{"line":2,"column":0},"end":{"line":2,"column":27}},"1":{"start":{"line":4,"column":0},"end":{"line":4,"column":null}},"2":{"start":{"line":6,"column":0},"end":{"line":6,"column":50}},"3":{"start":{"line":7,"column":0},"end":{"line":7,"column":23}},"4":{"start":{"line":8,"column":0},"end":{"line":8,"column":36}},"5":{"start":{"line":9,"column":0},"end":{"line":9,"column":33}},"6":{"start":{"line":10,"column":0},"end":{"line":10,"column":30}},"7":{"start":{"line":11,"column":0},"end":{"line":11,"column":44}},"8":{"start":{"line":12,"column":0},"end":{"line":12,"column":46}},"9":{"start":{"line":13,"column":0},"end":{"line":13,"column":52}},"10":{"start":{"line":14,"column":0},"end":{"line":14,"column":58}},"11":{"start":{"line":15,"column":0},"end":{"line":15,"column":60}},"12":{"start":{"line":16,"column":0},"end":{"line":16,"column":53}},"13":{"start":{"line":17,"column":0},"end":{"line":17,"column":63}},"14":{"start":{"line":19,"column":12},"end":{"line":19,"column":21}},"15":{"start":{"line":20,"column":13},"end":{"line":20,"column":37}},"16":{"start":{"line":22,"column":20},"end":{"line":28,"column":null}},"17":{"start":{"line":30,"column":0},"end":{"line":30,"column":null}},"18":{"start":{"line":31,"column":0},"end":{"line":31,"column":null}},"19":{"start":{"line":33,"column":0},"end":{"line":35,"column":null}},"20":{"start":{"line":34,"column":4},"end":{"line":34,"column":null}},"21":{"start":{"line":37,"column":0},"end":{"line":41,"column":null}},"22":{"start":{"line":38,"column":4},"end":{"line":40,"column":null}},"23":{"start":{"line":44,"column":0},"end":{"line":59,"column":null}},"24":{"start":{"line":45,"column":4},"end":{"line":58,"column":5}},"25":{"start":{"line":46,"column":19},"end":{"line":46,"column":36}},"26":{"start":{"line":47,"column":33},"end":{"line":47,"column":55}},"27":{"start":{"line":48,"column":8},"end":{"line":52,"column":null}},"28":{"start":{"line":54,"column":8},"end":{"line":57,"column":null}},"29":{"start":{"line":61,"column":0},"end":{"line":61,"column":null}},"30":{"start":{"line":62,"column":0},"end":{"line":62,"column":null}},"31":{"start":{"line":63,"column":0},"end":{"line":63,"column":null}},"32":{"start":{"line":64,"column":0},"end":{"line":64,"column":null}},"33":{"start":{"line":65,"column":0},"end":{"line":65,"column":null}},"34":{"start":{"line":66,"column":0},"end":{"line":66,"column":null}},"35":{"start":{"line":68,"column":14},"end":{"line":78,"column":1}},"36":{"start":{"line":69,"column":4},"end":{"line":69,"column":null}},"37":{"start":{"line":71,"column":19},"end":{"line":71,"column":36}},"38":{"start":{"line":72,"column":4},"end":{"line":72,"column":null}},"39":{"start":{"line":74,"column":4},"end":{"line":77,"column":null}},"40":{"start":{"line":75,"column":8},"end":{"line":75,"column":null}},"41":{"start":{"line":76,"column":8},"end":{"line":76,"column":null}},"42":{"start":{"line":80,"column":0},"end":{"line":80,"column":null}}},"fnMap":{"0":{"name":"(anonymous_1)","decl":{"start":{"line":33,"column":13},"end":{"line":33,"column":14}},"loc":{"start":{"line":33,"column":45},"end":{"line":35,"column":1}}},"1":{"name":"(anonymous_2)","decl":{"start":{"line":37,"column":29},"end":{"line":37,"column":30}},"loc":{"start":{"line":37,"column":42},"end":{"line":41,"column":1}}},"2":{"name":"(anonymous_3)","decl":{"start":{"line":44,"column":30},"end":{"line":44,"column":31}},"loc":{"start":{"line":44,"column":43},"end":{"line":59,"column":1}}},"3":{"name":"(anonymous_4)","decl":{"start":{"line":68,"column":14},"end":{"line":68,"column":19}},"loc":{"start":{"line":68,"column":25},"end":{"line":78,"column":1}}},"4":{"name":"(anonymous_5)","decl":{"start":{"line":74,"column":24},"end":{"line":74,"column":27}},"loc":{"start":{"line":74,"column":29},"end":{"line":77,"column":5}}}},"branchMap":{"0":{"loc":{"start":{"line":20,"column":13},"end":{"line":20,"column":37}},"type":"binary-expr","locations":[{"start":{"line":20,"column":13},"end":{"line":20,"column":29}},{"start":{"line":20,"column":33},"end":{"line":20,"column":37}}]}},"s":{"0":0,"1":0,"2":0,"3":0,"4":0,"5":0,"6":0,"7":0,"8":0,"9":0,"10":0,"11":0,"12":0,"13":0,"14":0,"15":0,"16":0,"17":0,"18":0,"19":0,"20":0,"21":0,"22":0,"23":0,"24":0,"25":0,"26":0,"27":0,"28":0,"29":0,"30":0,"31":0,"32":0,"33":0,"34":0,"35":0,"36":0,"37":0,"38":0,"39":0,"40":0,"41":0,"42":0},"f":{"0":0,"1":0,"2":0,"3":0,"4":0},"b":{"0":[0,0]}}
,"C:\\Users\\Nanna\\Documents\\code\\konnektaro-be\\src\\socket.ts": {"path":"C:\\Users\\Nanna\\Documents\\code\\konnektaro-be\\src\\socket.ts","statementMap":{"0":{"start":{"line":7,"column":0},"end":{"line":7,"column":16}},"1":{"start":{"line":52,"column":0},"end":{"line":52,"column":16}},"2":{"start":{"line":2,"column":0},"end":{"line":2,"column":32}},"3":{"start":{"line":8,"column":4},"end":{"line":21,"column":null}},"4":{"start":{"line":23,"column":4},"end":{"line":23,"column":null}},"5":{"start":{"line":25,"column":4},"end":{"line":40,"column":null}},"6":{"start":{"line":26,"column":8},"end":{"line":26,"column":null}},"7":{"start":{"line":28,"column":8},"end":{"line":31,"column":null}},"8":{"start":{"line":29,"column":12},"end":{"line":29,"column":null}},"9":{"start":{"line":30,"column":12},"end":{"line":30,"column":null}},"10":{"start":{"line":33,"column":8},"end":{"line":35,"column":null}},"11":{"start":{"line":34,"column":12},"end":{"line":34,"column":null}},"12":{"start":{"line":37,"column":8},"end":{"line":39,"column":null}},"13":{"start":{"line":38,"column":12},"end":{"line":38,"column":null}},"14":{"start":{"line":42,"column":4},"end":{"line":44,"column":null}},"15":{"start":{"line":43,"column":8},"end":{"line":43,"column":null}},"16":{"start":{"line":47,"column":4},"end":{"line":49,"column":null}},"17":{"start":{"line":48,"column":8},"end":{"line":48,"column":null}},"18":{"start":{"line":53,"column":4},"end":{"line":55,"column":5}},"19":{"start":{"line":54,"column":8},"end":{"line":54,"column":null}},"20":{"start":{"line":56,"column":4},"end":{"line":56,"column":null}}},"fnMap":{"0":{"name":"setupSocket","decl":{"start":{"line":7,"column":16},"end":{"line":7,"column":27}},"loc":{"start":{"line":7,"column":46},"end":{"line":50,"column":1}}},"1":{"name":"(anonymous_1)","decl":{"start":{"line":25,"column":24},"end":{"line":25,"column":25}},"loc":{"start":{"line":25,"column":35},"end":{"line":40,"column":5}}},"2":{"name":"(anonymous_2)","decl":{"start":{"line":28,"column":31},"end":{"line":28,"column":32}},"loc":{"start":{"line":28,"column":43},"end":{"line":31,"column":9}}},"3":{"name":"(anonymous_3)","decl":{"start":{"line":33,"column":32},"end":{"line":33,"column":33}},"loc":{"start":{"line":33,"column":43},"end":{"line":35,"column":9}}},"4":{"name":"(anonymous_4)","decl":{"start":{"line":37,"column":27},"end":{"line":37,"column":28}},"loc":{"start":{"line":37,"column":37},"end":{"line":39,"column":9}}},"5":{"name":"(anonymous_5)","decl":{"start":{"line":42,"column":37},"end":{"line":42,"column":38}},"loc":{"start":{"line":42,"column":45},"end":{"line":44,"column":5}}},"6":{"name":"(anonymous_6)","decl":{"start":{"line":47,"column":34},"end":{"line":47,"column":35}},"loc":{"start":{"line":47,"column":42},"end":{"line":49,"column":5}}},"7":{"name":"getSocketServer","decl":{"start":{"line":52,"column":16},"end":{"line":52,"column":31}},"loc":{"start":{"line":52,"column":31},"end":{"line":57,"column":1}}}},"branchMap":{"0":{"loc":{"start":{"line":53,"column":4},"end":{"line":55,"column":5}},"type":"if","locations":[{"start":{"line":53,"column":4},"end":{"line":55,"column":5}},{"start":{},"end":{}}]}},"s":{"0":0,"1":0,"2":0,"3":0,"4":0,"5":0,"6":0,"7":0,"8":0,"9":0,"10":0,"11":0,"12":0,"13":0,"14":0,"15":0,"16":0,"17":0,"18":0,"19":0,"20":0},"f":{"0":0,"1":0,"2":0,"3":0,"4":0,"5":0,"6":0,"7":0},"b":{"0":[0,0]}}
,"C:\\Users\\Nanna\\Documents\\code\\konnektaro-be\\src\\__tests__\\utils\\testUtils.ts": {"path":"C:\\Users\\Nanna\\Documents\\code\\konnektaro-be\\src\\__tests__\\utils\\testUtils.ts","statementMap":{"0":{"start":{"line":5,"column":13},"end":{"line":8,"column":3}},"1":{"start":{"line":6,"column":2},"end":{"line":6,"column":64}},"2":{"start":{"line":7,"column":2},"end":{"line":7,"column":9}},"3":{"start":{"line":11,"column":36},"end":{"line":21,"column":2}},"4":{"start":{"line":11,"column":43},"end":{"line":21,"column":2}},"5":{"start":{"line":11,"column":13},"end":{"line":11,"column":36}},"6":{"start":{"line":24,"column":33},"end":{"line":31,"column":2}},"7":{"start":{"line":24,"column":90},"end":{"line":31,"column":2}},"8":{"start":{"line":24,"column":13},"end":{"line":24,"column":33}},"9":{"start":{"line":33,"column":34},"end":{"line":39,"column":1}},"10":{"start":{"line":34,"column":33},"end":{"line":34,"column":35}},"11":{"start":{"line":35,"column":2},"end":{"line":35,"column":46}},"12":{"start":{"line":36,"column":2},"end":{"line":36,"column":44}},"13":{"start":{"line":37,"column":2},"end":{"line":37,"column":44}},"14":{"start":{"line":38,"column":2},"end":{"line":38,"column":13}},"15":{"start":{"line":33,"column":13},"end":{"line":33,"column":34}},"16":{"start":{"line":42,"column":30},"end":{"line":42,"column":45}},"17":{"start":{"line":42,"column":36},"end":{"line":42,"column":45}},"18":{"start":{"line":42,"column":13},"end":{"line":42,"column":30}},"19":{"start":{"line":45,"column":13},"end":{"line":51,"column":2}},"20":{"start":{"line":53,"column":13},"end":{"line":74,"column":2}},"21":{"start":{"line":76,"column":13},"end":{"line":89,"column":2}}},"fnMap":{"0":{"name":"(anonymous_0)","decl":{"start":{"line":5,"column":47},"end":{"line":5,"column":48}},"loc":{"start":{"line":5,"column":90},"end":{"line":8,"column":1}}},"1":{"name":"(anonymous_1)","decl":{"start":{"line":11,"column":36},"end":{"line":11,"column":39}},"loc":{"start":{"line":11,"column":43},"end":{"line":21,"column":2}}},"2":{"name":"(anonymous_2)","decl":{"start":{"line":24,"column":33},"end":{"line":24,"column":34}},"loc":{"start":{"line":24,"column":90},"end":{"line":31,"column":2}}},"3":{"name":"(anonymous_3)","decl":{"start":{"line":33,"column":34},"end":{"line":33,"column":56}},"loc":{"start":{"line":33,"column":58},"end":{"line":39,"column":1}}},"4":{"name":"(anonymous_4)","decl":{"start":{"line":42,"column":30},"end":{"line":42,"column":33}},"loc":{"start":{"line":42,"column":36},"end":{"line":42,"column":45}}}},"branchMap":{"0":{"loc":{"start":{"line":24,"column":34},"end":{"line":24,"column":66}},"type":"default-arg","locations":[{"start":{"line":24,"column":64},"end":{"line":24,"column":66}}]}},"s":{"0":3,"1":0,"2":0,"3":3,"4":95,"5":3,"6":3,"7":0,"8":3,"9":3,"10":0,"11":0,"12":0,"13":0,"14":0,"15":3,"16":3,"17":0,"18":3,"19":3,"20":3,"21":3},"f":{"0":0,"1":95,"2":0,"3":0,"4":0},"b":{"0":[0]}}
,"C:\\Users\\Nanna\\Documents\\code\\konnektaro-be\\src\\collections\\activityCollection.ts": {"path":"C:\\Users\\Nanna\\Documents\\code\\konnektaro-be\\src\\collections\\activityCollection.ts","statementMap":{"0":{"start":{"line":1,"column":0},"end":{"line":1,"column":29}},"1":{"start":{"line":4,"column":37},"end":{"line":7,"column":1}},"2":{"start":{"line":5,"column":15},"end":{"line":5,"column":22}},"3":{"start":{"line":6,"column":4},"end":{"line":6,"column":null}},"4":{"start":{"line":4,"column":13},"end":{"line":4,"column":37}}},"fnMap":{"0":{"name":"(anonymous_0)","decl":{"start":{"line":4,"column":37},"end":{"line":4,"column":40}},"loc":{"start":{"line":4,"column":42},"end":{"line":7,"column":1}}}},"branchMap":{},"s":{"0":0,"1":0,"2":0,"3":0,"4":0},"f":{"0":0},"b":{}}
,"C:\\Users\\Nanna\\Documents\\code\\konnektaro-be\\src\\collections\\eventCollection.ts": {"path":"C:\\Users\\Nanna\\Documents\\code\\konnektaro-be\\src\\collections\\eventCollection.ts","statementMap":{"0":{"start":{"line":1,"column":0},"end":{"line":1,"column":29}},"1":{"start":{"line":4,"column":24},"end":{"line":4,"column":32}},"2":{"start":{"line":6,"column":34},"end":{"line":9,"column":1}},"3":{"start":{"line":7,"column":15},"end":{"line":7,"column":22}},"4":{"start":{"line":8,"column":4},"end":{"line":8,"column":null}},"5":{"start":{"line":6,"column":13},"end":{"line":6,"column":34}}},"fnMap":{"0":{"name":"(anonymous_0)","decl":{"start":{"line":6,"column":34},"end":{"line":6,"column":37}},"loc":{"start":{"line":6,"column":39},"end":{"line":9,"column":1}}}},"branchMap":{},"s":{"0":0,"1":0,"2":0,"3":0,"4":0,"5":0},"f":{"0":0},"b":{}}
,"C:\\Users\\Nanna\\Documents\\code\\konnektaro-be\\src\\collections\\eventParticipantsCollection.ts": {"path":"C:\\Users\\Nanna\\Documents\\code\\konnektaro-be\\src\\collections\\eventParticipantsCollection.ts","statementMap":{"0":{"start":{"line":1,"column":0},"end":{"line":1,"column":27}},"1":{"start":{"line":4,"column":24},"end":{"line":4,"column":43}},"2":{"start":{"line":6,"column":46},"end":{"line":9,"column":1}},"3":{"start":{"line":7,"column":15},"end":{"line":7,"column":22}},"4":{"start":{"line":8,"column":4},"end":{"line":8,"column":null}},"5":{"start":{"line":6,"column":13},"end":{"line":6,"column":46}}},"fnMap":{"0":{"name":"(anonymous_0)","decl":{"start":{"line":6,"column":46},"end":{"line":6,"column":49}},"loc":{"start":{"line":6,"column":51},"end":{"line":9,"column":1}}}},"branchMap":{},"s":{"0":0,"1":0,"2":0,"3":0,"4":0,"5":0},"f":{"0":0},"b":{}}
,"C:\\Users\\Nanna\\Documents\\code\\konnektaro-be\\src\\collections\\getGroupActivityCollection.ts": {"path":"C:\\Users\\Nanna\\Documents\\code\\konnektaro-be\\src\\collections\\getGroupActivityCollection.ts","statementMap":{"0":{"start":{"line":1,"column":0},"end":{"line":1,"column":27}},"1":{"start":{"line":4,"column":24},"end":{"line":4,"column":41}},"2":{"start":{"line":6,"column":42},"end":{"line":9,"column":1}},"3":{"start":{"line":7,"column":15},"end":{"line":7,"column":22}},"4":{"start":{"line":8,"column":4},"end":{"line":8,"column":null}},"5":{"start":{"line":6,"column":13},"end":{"line":6,"column":42}}},"fnMap":{"0":{"name":"(anonymous_0)","decl":{"start":{"line":6,"column":42},"end":{"line":6,"column":45}},"loc":{"start":{"line":6,"column":47},"end":{"line":9,"column":1}}}},"branchMap":{},"s":{"0":0,"1":0,"2":0,"3":0,"4":0,"5":0},"f":{"0":0},"b":{}}
,"C:\\Users\\Nanna\\Documents\\code\\konnektaro-be\\src\\collections\\reviewCollection.ts": {"path":"C:\\Users\\Nanna\\Documents\\code\\konnektaro-be\\src\\collections\\reviewCollection.ts","statementMap":{"0":{"start":{"line":3,"column":0},"end":{"line":3,"column":29}},"1":{"start":{"line":7,"column":35},"end":{"line":19,"column":1}},"2":{"start":{"line":8,"column":4},"end":{"line":16,"column":5}},"3":{"start":{"line":9,"column":23},"end":{"line":9,"column":30}},"4":{"start":{"line":10,"column":8},"end":{"line":10,"column":null}},"5":{"start":{"line":13,"column":8},"end":{"line":13,"column":null}},"6":{"start":{"line":14,"column":8},"end":{"line":14,"column":null}},"7":{"start":{"line":15,"column":8},"end":{"line":15,"column":null}},"8":{"start":{"line":18,"column":4},"end":{"line":18,"column":null}},"9":{"start":{"line":7,"column":13},"end":{"line":7,"column":35}}},"fnMap":{"0":{"name":"(anonymous_0)","decl":{"start":{"line":7,"column":35},"end":{"line":7,"column":58}},"loc":{"start":{"line":7,"column":60},"end":{"line":19,"column":1}}}},"branchMap":{"0":{"loc":{"start":{"line":8,"column":4},"end":{"line":16,"column":5}},"type":"if","locations":[{"start":{"line":8,"column":4},"end":{"line":16,"column":5}},{"start":{},"end":{}}]}},"s":{"0":0,"1":0,"2":0,"3":0,"4":0,"5":0,"6":0,"7":0,"8":0,"9":0},"f":{"0":0},"b":{"0":[0,0]}}
,"C:\\Users\\Nanna\\Documents\\code\\konnektaro-be\\src\\collections\\userActivityCollection.ts": {"path":"C:\\Users\\Nanna\\Documents\\code\\konnektaro-be\\src\\collections\\userActivityCollection.ts","statementMap":{"0":{"start":{"line":1,"column":0},"end":{"line":1,"column":27}},"1":{"start":{"line":4,"column":24},"end":{"line":4,"column":40}},"2":{"start":{"line":6,"column":41},"end":{"line":9,"column":1}},"3":{"start":{"line":7,"column":15},"end":{"line":7,"column":22}},"4":{"start":{"line":8,"column":4},"end":{"line":8,"column":null}},"5":{"start":{"line":6,"column":13},"end":{"line":6,"column":41}}},"fnMap":{"0":{"name":"(anonymous_0)","decl":{"start":{"line":6,"column":41},"end":{"line":6,"column":44}},"loc":{"start":{"line":6,"column":46},"end":{"line":9,"column":1}}}},"branchMap":{},"s":{"0":0,"1":0,"2":0,"3":0,"4":0,"5":0},"f":{"0":0},"b":{}}
,"C:\\Users\\Nanna\\Documents\\code\\konnektaro-be\\src\\collections\\userCollection.ts": {"path":"C:\\Users\\Nanna\\Documents\\code\\konnektaro-be\\src\\collections\\userCollection.ts","statementMap":{"0":{"start":{"line":1,"column":0},"end":{"line":1,"column":29}},"1":{"start":{"line":4,"column":24},"end":{"line":4,"column":31}},"2":{"start":{"line":6,"column":33},"end":{"line":9,"column":1}},"3":{"start":{"line":7,"column":15},"end":{"line":7,"column":22}},"4":{"start":{"line":8,"column":4},"end":{"line":8,"column":null}},"5":{"start":{"line":6,"column":13},"end":{"line":6,"column":33}}},"fnMap":{"0":{"name":"(anonymous_0)","decl":{"start":{"line":6,"column":33},"end":{"line":6,"column":36}},"loc":{"start":{"line":6,"column":38},"end":{"line":9,"column":1}}}},"branchMap":{},"s":{"0":0,"1":0,"2":0,"3":0,"4":0,"5":0},"f":{"0":0},"b":{}}
,"C:\\Users\\Nanna\\Documents\\code\\konnektaro-be\\src\\config\\anonymusToken.ts": {"path":"C:\\Users\\Nanna\\Documents\\code\\konnektaro-be\\src\\config\\anonymusToken.ts","statementMap":{"0":{"start":{"line":1,"column":0},"end":{"line":1,"column":44}},"1":{"start":{"line":2,"column":0},"end":{"line":2,"column":58}},"2":{"start":{"line":4,"column":12},"end":{"line":8,"column":2}},"3":{"start":{"line":10,"column":13},"end":{"line":10,"column":25}},"4":{"start":{"line":12,"column":0},"end":{"line":14,"column":null}},"5":{"start":{"line":13,"column":4},"end":{"line":13,"column":62}},"6":{"start":{"line":13,"column":43},"end":{"line":13,"column":61}}},"fnMap":{"0":{"name":"(anonymous_0)","decl":{"start":{"line":12,"column":29},"end":{"line":12,"column":35}},"loc":{"start":{"line":13,"column":4},"end":{"line":13,"column":62}}},"1":{"name":"(anonymous_1)","decl":{"start":{"line":13,"column":34},"end":{"line":13,"column":39}},"loc":{"start":{"line":13,"column":43},"end":{"line":13,"column":61}}}},"branchMap":{},"s":{"0":0,"1":0,"2":0,"3":0,"4":0,"5":0,"6":0},"f":{"0":0,"1":0},"b":{}}
,"C:\\Users\\Nanna\\Documents\\code\\konnektaro-be\\src\\config\\firebase.ts": {"path":"C:\\Users\\Nanna\\Documents\\code\\konnektaro-be\\src\\config\\firebase.ts","statementMap":{"0":{"start":{"line":1,"column":0},"end":{"line":1,"column":35}},"1":{"start":{"line":2,"column":0},"end":{"line":2,"column":58}},"2":{"start":{"line":3,"column":0},"end":{"line":3,"column":44}},"3":{"start":{"line":6,"column":0},"end":{"line":13,"column":1}},"4":{"start":{"line":7,"column":4},"end":{"line":9,"column":null}},"5":{"start":{"line":10,"column":4},"end":{"line":10,"column":null}},"6":{"start":{"line":12,"column":4},"end":{"line":12,"column":null}},"7":{"start":{"line":14,"column":0},"end":{"line":14,"column":null}},"8":{"start":{"line":16,"column":29},"end":{"line":34,"column":1}},"9":{"start":{"line":17,"column":4},"end":{"line":33,"column":11}},"10":{"start":{"line":19,"column":12},"end":{"line":29,"column":15}},"11":{"start":{"line":20,"column":16},"end":{"line":28,"column":17}},"12":{"start":{"line":21,"column":20},"end":{"line":21,"column":null}},"13":{"start":{"line":22,"column":20},"end":{"line":27,"column":27}},"14":{"start":{"line":23,"column":24},"end":{"line":23,"column":65}},"15":{"start":{"line":26,"column":28},"end":{"line":26,"column":71}},"16":{"start":{"line":32,"column":12},"end":{"line":32,"column":55}}},"fnMap":{"0":{"name":"(anonymous_1)","decl":{"start":{"line":16,"column":29},"end":{"line":16,"column":34}},"loc":{"start":{"line":16,"column":40},"end":{"line":34,"column":1}}},"1":{"name":"(anonymous_2)","decl":{"start":{"line":18,"column":14},"end":{"line":18,"column":24}},"loc":{"start":{"line":18,"column":39},"end":{"line":30,"column":9}}},"2":{"name":"(anonymous_3)","decl":{"start":{"line":19,"column":42},"end":{"line":19,"column":52}},"loc":{"start":{"line":19,"column":62},"end":{"line":29,"column":13}}},"3":{"name":"(anonymous_4)","decl":{"start":{"line":22,"column":62},"end":{"line":22,"column":null}},"loc":{"start":{"line":22,"column":62},"end":{"line":24,"column":21}}},"4":{"name":"(anonymous_5)","decl":{"start":{"line":25,"column":31},"end":{"line":25,"column":41}},"loc":{"start":{"line":25,"column":46},"end":{"line":27,"column":25}}},"5":{"name":"(anonymous_6)","decl":{"start":{"line":31,"column":15},"end":{"line":31,"column":25}},"loc":{"start":{"line":31,"column":30},"end":{"line":33,"column":9}}}},"branchMap":{"0":{"loc":{"start":{"line":6,"column":0},"end":{"line":13,"column":1}},"type":"if","locations":[{"start":{"line":6,"column":0},"end":{"line":13,"column":1}},{"start":{"line":11,"column":7},"end":{"line":13,"column":1}}]},"1":{"loc":{"start":{"line":20,"column":16},"end":{"line":28,"column":17}},"type":"if","locations":[{"start":{"line":20,"column":16},"end":{"line":28,"column":17}},{"start":{},"end":{}}]}},"s":{"0":0,"1":0,"2":0,"3":0,"4":0,"5":0,"6":0,"7":0,"8":0,"9":0,"10":0,"11":0,"12":0,"13":0,"14":0,"15":0,"16":0},"f":{"0":0,"1":0,"2":0,"3":0,"4":0,"5":0},"b":{"0":[0,0],"1":[0,0]}}
,"C:\\Users\\Nanna\\Documents\\code\\konnektaro-be\\src\\hooks\\isAdmin.ts": {"path":"C:\\Users\\Nanna\\Documents\\code\\konnektaro-be\\src\\hooks\\isAdmin.ts","statementMap":{"0":{"start":{"line":2,"column":0},"end":{"line":2,"column":30}},"1":{"start":{"line":5,"column":23},"end":{"line":32,"column":1}},"2":{"start":{"line":6,"column":18},"end":{"line":6,"column":58}},"3":{"start":{"line":7,"column":4},"end":{"line":10,"column":5}},"4":{"start":{"line":8,"column":8},"end":{"line":8,"column":64}},"5":{"start":{"line":9,"column":8},"end":{"line":9,"column":21}},"6":{"start":{"line":12,"column":4},"end":{"line":31,"column":5}},"7":{"start":{"line":13,"column":29},"end":{"line":13,"column":67}},"8":{"start":{"line":15,"column":8},"end":{"line":18,"column":9}},"9":{"start":{"line":16,"column":12},"end":{"line":16,"column":54}},"10":{"start":{"line":17,"column":12},"end":{"line":17,"column":25}},"11":{"start":{"line":20,"column":30},"end":{"line":20,"column":57}},"12":{"start":{"line":22,"column":8},"end":{"line":22,"column":38}},"13":{"start":{"line":24,"column":8},"end":{"line":29,"column":9}},"14":{"start":{"line":26,"column":12},"end":{"line":26,"column":81}},"15":{"start":{"line":28,"column":12},"end":{"line":28,"column":52}},"16":{"start":{"line":30,"column":8},"end":{"line":30,"column":21}},"17":{"start":{"line":5,"column":13},"end":{"line":5,"column":23}}},"fnMap":{"0":{"name":"(anonymous_1)","decl":{"start":{"line":5,"column":23},"end":{"line":5,"column":24}},"loc":{"start":{"line":5,"column":49},"end":{"line":32,"column":1}}}},"branchMap":{"0":{"loc":{"start":{"line":7,"column":4},"end":{"line":10,"column":5}},"type":"if","locations":[{"start":{"line":7,"column":4},"end":{"line":10,"column":5}},{"start":{},"end":{}}]},"1":{"loc":{"start":{"line":15,"column":8},"end":{"line":18,"column":9}},"type":"if","locations":[{"start":{"line":15,"column":8},"end":{"line":18,"column":9}},{"start":{},"end":{}}]},"2":{"loc":{"start":{"line":24,"column":8},"end":{"line":29,"column":9}},"type":"if","locations":[{"start":{"line":24,"column":8},"end":{"line":29,"column":9}},{"start":{"line":27,"column":15},"end":{"line":29,"column":9}}]}},"s":{"0":0,"1":0,"2":0,"3":0,"4":0,"5":0,"6":0,"7":0,"8":0,"9":0,"10":0,"11":0,"12":0,"13":0,"14":0,"15":0,"16":0,"17":0},"f":{"0":0},"b":{"0":[0,0],"1":[0,0],"2":[0,0]}}
,"C:\\Users\\Nanna\\Documents\\code\\konnektaro-be\\src\\middleware\\authMiddleware.ts": {"path":"C:\\Users\\Nanna\\Documents\\code\\konnektaro-be\\src\\middleware\\authMiddleware.ts","statementMap":{"0":{"start":{"line":2,"column":0},"end":{"line":2,"column":38}},"1":{"start":{"line":18,"column":35},"end":{"line":41,"column":1}},"2":{"start":{"line":19,"column":23},"end":{"line":19,"column":48}},"3":{"start":{"line":21,"column":4},"end":{"line":23,"column":5}},"4":{"start":{"line":22,"column":8},"end":{"line":22,"column":null}},"5":{"start":{"line":25,"column":18},"end":{"line":25,"column":42}},"6":{"start":{"line":27,"column":4},"end":{"line":40,"column":5}},"7":{"start":{"line":28,"column":29},"end":{"line":28,"column":68}},"8":{"start":{"line":30,"column":8},"end":{"line":35,"column":null}},"9":{"start":{"line":37,"column":8},"end":{"line":37,"column":null}},"10":{"start":{"line":39,"column":8},"end":{"line":39,"column":null}},"11":{"start":{"line":18,"column":13},"end":{"line":18,"column":35}},"12":{"start":{"line":42,"column":35},"end":{"line":47,"column":1}},"13":{"start":{"line":43,"column":4},"end":{"line":45,"column":5}},"14":{"start":{"line":44,"column":8},"end":{"line":44,"column":null}},"15":{"start":{"line":46,"column":4},"end":{"line":46,"column":null}},"16":{"start":{"line":42,"column":13},"end":{"line":42,"column":35}}},"fnMap":{"0":{"name":"(anonymous_1)","decl":{"start":{"line":18,"column":35},"end":{"line":18,"column":40}},"loc":{"start":{"line":18,"column":93},"end":{"line":41,"column":1}}},"1":{"name":"(anonymous_2)","decl":{"start":{"line":42,"column":35},"end":{"line":42,"column":36}},"loc":{"start":{"line":42,"column":87},"end":{"line":47,"column":1}}}},"branchMap":{"0":{"loc":{"start":{"line":21,"column":4},"end":{"line":23,"column":5}},"type":"if","locations":[{"start":{"line":21,"column":4},"end":{"line":23,"column":5}},{"start":{},"end":{}}]},"1":{"loc":{"start":{"line":21,"column":8},"end":{"line":21,"column":56}},"type":"binary-expr","locations":[{"start":{"line":21,"column":8},"end":{"line":21,"column":19}},{"start":{"line":21,"column":23},"end":{"line":21,"column":56}}]},"2":{"loc":{"start":{"line":43,"column":4},"end":{"line":45,"column":5}},"type":"if","locations":[{"start":{"line":43,"column":4},"end":{"line":45,"column":5}},{"start":{},"end":{}}]}},"s":{"0":0,"1":0,"2":0,"3":0,"4":0,"5":0,"6":0,"7":0,"8":0,"9":0,"10":0,"11":0,"12":0,"13":0,"14":0,"15":0,"16":0},"f":{"0":0,"1":0},"b":{"0":[0,0],"1":[0,0],"2":[0,0]}}
,"C:\\Users\\Nanna\\Documents\\code\\konnektaro-be\\src\\models\\activity.ts": {"path":"C:\\Users\\Nanna\\Documents\\code\\konnektaro-be\\src\\models\\activity.ts","statementMap":{"0":{"start":{"line":1,"column":0},"end":{"line":1,"column":34}},"1":{"start":{"line":15,"column":30},"end":{"line":20,"column":1}},"2":{"start":{"line":16,"column":4},"end":{"line":19,"column":null}},"3":{"start":{"line":15,"column":13},"end":{"line":15,"column":30}}},"fnMap":{"0":{"name":"(anonymous_0)","decl":{"start":{"line":15,"column":30},"end":{"line":15,"column":31}},"loc":{"start":{"line":15,"column":79},"end":{"line":20,"column":1}}}},"branchMap":{},"s":{"0":0,"1":0,"2":0,"3":0},"f":{"0":0},"b":{}}
,"C:\\Users\\Nanna\\Documents\\code\\konnektaro-be\\src\\models\\event.ts": {"path":"C:\\Users\\Nanna\\Documents\\code\\konnektaro-be\\src\\models\\event.ts","statementMap":{"0":{"start":{"line":1,"column":0},"end":{"line":1,"column":35}},"1":{"start":{"line":15,"column":27},"end":{"line":20,"column":1}},"2":{"start":{"line":16,"column":4},"end":{"line":19,"column":null}},"3":{"start":{"line":15,"column":13},"end":{"line":15,"column":27}}},"fnMap":{"0":{"name":"(anonymous_0)","decl":{"start":{"line":15,"column":27},"end":{"line":15,"column":28}},"loc":{"start":{"line":15,"column":67},"end":{"line":20,"column":1}}}},"branchMap":{},"s":{"0":0,"1":0,"2":0,"3":0},"f":{"0":0},"b":{}}
,"C:\\Users\\Nanna\\Documents\\code\\konnektaro-be\\src\\models\\groupActivity.ts": {"path":"C:\\Users\\Nanna\\Documents\\code\\konnektaro-be\\src\\models\\groupActivity.ts","statementMap":{"0":{"start":{"line":1,"column":0},"end":{"line":1,"column":34}},"1":{"start":{"line":19,"column":35},"end":{"line":24,"column":1}},"2":{"start":{"line":20,"column":4},"end":{"line":23,"column":null}},"3":{"start":{"line":19,"column":13},"end":{"line":19,"column":35}}},"fnMap":{"0":{"name":"(anonymous_0)","decl":{"start":{"line":19,"column":35},"end":{"line":19,"column":36}},"loc":{"start":{"line":19,"column":99},"end":{"line":24,"column":1}}}},"branchMap":{},"s":{"0":0,"1":0,"2":0,"3":0},"f":{"0":0},"b":{}}
,"C:\\Users\\Nanna\\Documents\\code\\konnektaro-be\\src\\models\\review.ts": {"path":"C:\\Users\\Nanna\\Documents\\code\\konnektaro-be\\src\\models\\review.ts","statementMap":{"0":{"start":{"line":1,"column":0},"end":{"line":1,"column":35}},"1":{"start":{"line":36,"column":28},"end":{"line":43,"column":1}},"2":{"start":{"line":37,"column":4},"end":{"line":42,"column":null}},"3":{"start":{"line":36,"column":13},"end":{"line":36,"column":28}}},"fnMap":{"0":{"name":"(anonymous_0)","decl":{"start":{"line":36,"column":28},"end":{"line":36,"column":29}},"loc":{"start":{"line":36,"column":99},"end":{"line":43,"column":1}}}},"branchMap":{},"s":{"0":0,"1":0,"2":0,"3":0},"f":{"0":0},"b":{}}
,"C:\\Users\\Nanna\\Documents\\code\\konnektaro-be\\src\\models\\user.ts": {"path":"C:\\Users\\Nanna\\Documents\\code\\konnektaro-be\\src\\models\\user.ts","statementMap":{"0":{"start":{"line":16,"column":26},"end":{"line":20,"column":1}},"1":{"start":{"line":17,"column":4},"end":{"line":19,"column":null}},"2":{"start":{"line":16,"column":13},"end":{"line":16,"column":26}}},"fnMap":{"0":{"name":"(anonymous_0)","decl":{"start":{"line":16,"column":26},"end":{"line":16,"column":27}},"loc":{"start":{"line":16,"column":47},"end":{"line":20,"column":1}}}},"branchMap":{},"s":{"0":0,"1":0,"2":0},"f":{"0":0},"b":{}}
,"C:\\Users\\Nanna\\Documents\\code\\konnektaro-be\\src\\models\\userActivity.ts": {"path":"C:\\Users\\Nanna\\Documents\\code\\konnektaro-be\\src\\models\\userActivity.ts","statementMap":{"0":{"start":{"line":1,"column":0},"end":{"line":1,"column":34}},"1":{"start":{"line":12,"column":34},"end":{"line":17,"column":1}},"2":{"start":{"line":13,"column":4},"end":{"line":16,"column":null}},"3":{"start":{"line":12,"column":13},"end":{"line":12,"column":34}}},"fnMap":{"0":{"name":"(anonymous_0)","decl":{"start":{"line":12,"column":34},"end":{"line":12,"column":35}},"loc":{"start":{"line":12,"column":95},"end":{"line":17,"column":1}}}},"branchMap":{},"s":{"0":0,"1":0,"2":0,"3":0},"f":{"0":0},"b":{}}
,"C:\\Users\\Nanna\\Documents\\code\\konnektaro-be\\src\\routes\\activityRoutes.ts": {"path":"C:\\Users\\Nanna\\Documents\\code\\konnektaro-be\\src\\routes\\activityRoutes.ts","statementMap":{"0":{"start":{"line":1,"column":0},"end":{"line":1,"column":49}},"1":{"start":{"line":2,"column":0},"end":{"line":2,"column":71}},"2":{"start":{"line":3,"column":0},"end":{"line":3,"column":65}},"3":{"start":{"line":4,"column":0},"end":{"line":4,"column":49}},"4":{"start":{"line":5,"column":0},"end":{"line":5,"column":64}},"5":{"start":{"line":6,"column":0},"end":{"line":6,"column":41}},"6":{"start":{"line":8,"column":15},"end":{"line":8,"column":23}},"7":{"start":{"line":9,"column":0},"end":{"line":9,"column":null}},"8":{"start":{"line":12,"column":0},"end":{"line":64,"column":3}},"9":{"start":{"line":13,"column":4},"end":{"line":62,"column":5}},"10":{"start":{"line":14,"column":8},"end":{"line":16,"column":9}},"11":{"start":{"line":15,"column":12},"end":{"line":15,"column":80}},"12":{"start":{"line":18,"column":49},"end":{"line":18,"column":57}},"13":{"start":{"line":20,"column":8},"end":{"line":22,"column":9}},"14":{"start":{"line":21,"column":12},"end":{"line":21,"column":76}},"15":{"start":{"line":24,"column":32},"end":{"line":24,"column":52}},"16":{"start":{"line":25,"column":22},"end":{"line":25,"column":62}},"17":{"start":{"line":28,"column":8},"end":{"line":30,"column":9}},"18":{"start":{"line":29,"column":12},"end":{"line":29,"column":80}},"19":{"start":{"line":33,"column":25},"end":{"line":39,"column":10}},"20":{"start":{"line":41,"column":27},"end":{"line":41,"column":50}},"21":{"start":{"line":42,"column":8},"end":{"line":42,"column":45}},"22":{"start":{"line":45,"column":8},"end":{"line":48,"column":10}},"23":{"start":{"line":50,"column":8},"end":{"line":50,"column":53}},"24":{"start":{"line":51,"column":8},"end":{"line":51,"column":39}},"25":{"start":{"line":53,"column":8},"end":{"line":53,"column":57}},"26":{"start":{"line":56,"column":8},"end":{"line":61,"column":9}},"27":{"start":{"line":57,"column":12},"end":{"line":57,"column":91}},"28":{"start":{"line":60,"column":12},"end":{"line":60,"column":91}},"29":{"start":{"line":67,"column":0},"end":{"line":74,"column":null}},"30":{"start":{"line":68,"column":4},"end":{"line":70,"column":5}},"31":{"start":{"line":69,"column":8},"end":{"line":69,"column":null}},"32":{"start":{"line":71,"column":23},"end":{"line":71,"column":46}},"33":{"start":{"line":72,"column":23},"end":{"line":72,"column":58}},"34":{"start":{"line":73,"column":4},"end":{"line":73,"column":null}},"35":{"start":{"line":77,"column":0},"end":{"line":85,"column":null}},"36":{"start":{"line":78,"column":25},"end":{"line":78,"column":35}},"37":{"start":{"line":79,"column":23},"end":{"line":79,"column":46}},"38":{"start":{"line":80,"column":21},"end":{"line":80,"column":59}},"39":{"start":{"line":82,"column":4},"end":{"line":82,"column":null}},"40":{"start":{"line":82,"column":19},"end":{"line":82,"column":null}},"41":{"start":{"line":84,"column":4},"end":{"line":84,"column":null}},"42":{"start":{"line":87,"column":0},"end":{"line":94,"column":null}},"43":{"start":{"line":88,"column":22},"end":{"line":88,"column":32}},"44":{"start":{"line":90,"column":23},"end":{"line":90,"column":46}},"45":{"start":{"line":91,"column":23},"end":{"line":91,"column":65}},"46":{"start":{"line":93,"column":4},"end":{"line":93,"column":null}},"47":{"start":{"line":96,"column":0},"end":{"line":125,"column":null}},"48":{"start":{"line":97,"column":4},"end":{"line":99,"column":5}},"49":{"start":{"line":98,"column":8},"end":{"line":98,"column":null}},"50":{"start":{"line":100,"column":25},"end":{"line":100,"column":35}},"51":{"start":{"line":101,"column":31},"end":{"line":101,"column":54}},"52":{"start":{"line":102,"column":28},"end":{"line":102,"column":48}},"53":{"start":{"line":105,"column":21},"end":{"line":105,"column":67}},"54":{"start":{"line":107,"column":4},"end":{"line":109,"column":5}},"55":{"start":{"line":108,"column":8},"end":{"line":108,"column":null}},"56":{"start":{"line":112,"column":19},"end":{"line":112,"column":67}},"57":{"start":{"line":114,"column":4},"end":{"line":116,"column":5}},"58":{"start":{"line":115,"column":8},"end":{"line":115,"column":null}},"59":{"start":{"line":119,"column":4},"end":{"line":122,"column":null}},"60":{"start":{"line":124,"column":4},"end":{"line":124,"column":null}},"61":{"start":{"line":128,"column":0},"end":{"line":128,"column":null}}},"fnMap":{"0":{"name":"(anonymous_0)","decl":{"start":{"line":12,"column":38},"end":{"line":12,"column":43}},"loc":{"start":{"line":12,"column":76},"end":{"line":64,"column":1}}},"1":{"name":"(anonymous_1)","decl":{"start":{"line":67,"column":37},"end":{"line":67,"column":42}},"loc":{"start":{"line":67,"column":75},"end":{"line":74,"column":1}}},"2":{"name":"(anonymous_2)","decl":{"start":{"line":77,"column":48},"end":{"line":77,"column":53}},"loc":{"start":{"line":77,"column":86},"end":{"line":85,"column":1}}},"3":{"name":"(anonymous_3)","decl":{"start":{"line":87,"column":51},"end":{"line":87,"column":56}},"loc":{"start":{"line":87,"column":89},"end":{"line":94,"column":1}}},"4":{"name":"(anonymous_4)","decl":{"start":{"line":96,"column":51},"end":{"line":96,"column":56}},"loc":{"start":{"line":96,"column":89},"end":{"line":125,"column":1}}}},"branchMap":{"0":{"loc":{"start":{"line":14,"column":8},"end":{"line":16,"column":9}},"type":"if","locations":[{"start":{"line":14,"column":8},"end":{"line":16,"column":9}},{"start":{},"end":{}}]},"1":{"loc":{"start":{"line":20,"column":8},"end":{"line":22,"column":9}},"type":"if","locations":[{"start":{"line":20,"column":8},"end":{"line":22,"column":9}},{"start":{},"end":{}}]},"2":{"loc":{"start":{"line":20,"column":12},"end":{"line":20,"column":52}},"type":"binary-expr","locations":[{"start":{"line":20,"column":12},"end":{"line":20,"column":17}},{"start":{"line":20,"column":21},"end":{"line":20,"column":30}},{"start":{"line":20,"column":34},"end":{"line":20,"column":40}},{"start":{"line":20,"column":44},"end":{"line":20,"column":52}}]},"3":{"loc":{"start":{"line":28,"column":8},"end":{"line":30,"column":9}},"type":"if","locations":[{"start":{"line":28,"column":8},"end":{"line":30,"column":9}},{"start":{},"end":{}}]},"4":{"loc":{"start":{"line":28,"column":12},"end":{"line":28,"column":33}},"type":"binary-expr","locations":[{"start":{"line":28,"column":12},"end":{"line":28,"column":18}},{"start":{"line":28,"column":22},"end":{"line":28,"column":33}}]},"5":{"loc":{"start":{"line":56,"column":8},"end":{"line":61,"column":9}},"type":"if","locations":[{"start":{"line":56,"column":8},"end":{"line":61,"column":9}},{"start":{"line":58,"column":15},"end":{"line":61,"column":9}}]},"6":{"loc":{"start":{"line":68,"column":4},"end":{"line":70,"column":5}},"type":"if","locations":[{"start":{"line":68,"column":4},"end":{"line":70,"column":5}},{"start":{},"end":{}}]},"7":{"loc":{"start":{"line":82,"column":4},"end":{"line":82,"column":null}},"type":"if","locations":[{"start":{"line":82,"column":4},"end":{"line":82,"column":null}},{"start":{},"end":{}}]},"8":{"loc":{"start":{"line":97,"column":4},"end":{"line":99,"column":5}},"type":"if","locations":[{"start":{"line":97,"column":4},"end":{"line":99,"column":5}},{"start":{},"end":{}}]},"9":{"loc":{"start":{"line":107,"column":4},"end":{"line":109,"column":5}},"type":"if","locations":[{"start":{"line":107,"column":4},"end":{"line":109,"column":5}},{"start":{},"end":{}}]},"10":{"loc":{"start":{"line":114,"column":4},"end":{"line":116,"column":5}},"type":"if","locations":[{"start":{"line":114,"column":4},"end":{"line":116,"column":5}},{"start":{},"end":{}}]}},"s":{"0":0,"1":0,"2":0,"3":0,"4":0,"5":0,"6":0,"7":0,"8":0,"9":0,"10":0,"11":0,"12":0,"13":0,"14":0,"15":0,"16":0,"17":0,"18":0,"19":0,"20":0,"21":0,"22":0,"23":0,"24":0,"25":0,"26":0,"27":0,"28":0,"29":0,"30":0,"31":0,"32":0,"33":0,"34":0,"35":0,"36":0,"37":0,"38":0,"39":0,"40":0,"41":0,"42":0,"43":0,"44":0,"45":0,"46":0,"47":0,"48":0,"49":0,"50":0,"51":0,"52":0,"53":0,"54":0,"55":0,"56":0,"57":0,"58":0,"59":0,"60":0,"61":0},"f":{"0":0,"1":0,"2":0,"3":0,"4":0},"b":{"0":[0,0],"1":[0,0],"2":[0,0,0,0],"3":[0,0],"4":[0,0],"5":[0,0],"6":[0,0],"7":[0,0],"8":[0,0],"9":[0,0],"10":[0,0]}}
,"C:\\Users\\Nanna\\Documents\\code\\konnektaro-be\\src\\routes\\eventRoutes.ts": {"path":"C:\\Users\\Nanna\\Documents\\code\\konnektaro-be\\src\\routes\\eventRoutes.ts","statementMap":{"0":{"start":{"line":1,"column":0},"end":{"line":1,"column":49}},"1":{"start":{"line":2,"column":0},"end":{"line":2,"column":65}},"2":{"start":{"line":3,"column":0},"end":{"line":3,"column":63}},"3":{"start":{"line":4,"column":0},"end":{"line":4,"column":43}},"4":{"start":{"line":5,"column":0},"end":{"line":5,"column":64}},"5":{"start":{"line":6,"column":0},"end":{"line":6,"column":41}},"6":{"start":{"line":7,"column":0},"end":{"line":7,"column":62}},"7":{"start":{"line":8,"column":0},"end":{"line":8,"column":58}},"8":{"start":{"line":9,"column":0},"end":{"line":9,"column":41}},"9":{"start":{"line":11,"column":15},"end":{"line":11,"column":23}},"10":{"start":{"line":12,"column":0},"end":{"line":12,"column":null}},"11":{"start":{"line":15,"column":0},"end":{"line":39,"column":null}},"12":{"start":{"line":16,"column":4},"end":{"line":18,"column":5}},"13":{"start":{"line":17,"column":8},"end":{"line":17,"column":null}},"14":{"start":{"line":19,"column":41},"end":{"line":19,"column":49}},"15":{"start":{"line":21,"column":4},"end":{"line":23,"column":5}},"16":{"start":{"line":22,"column":8},"end":{"line":22,"column":null}},"17":{"start":{"line":25,"column":18},"end":{"line":33,"column":6}},"18":{"start":{"line":35,"column":23},"end":{"line":35,"column":43}},"19":{"start":{"line":36,"column":4},"end":{"line":36,"column":null}},"20":{"start":{"line":38,"column":4},"end":{"line":38,"column":null}},"21":{"start":{"line":41,"column":0},"end":{"line":70,"column":null}},"22":{"start":{"line":42,"column":4},"end":{"line":44,"column":5}},"23":{"start":{"line":43,"column":8},"end":{"line":43,"column":null}},"24":{"start":{"line":46,"column":22},"end":{"line":46,"column":32}},"25":{"start":{"line":47,"column":47},"end":{"line":47,"column":55}},"26":{"start":{"line":49,"column":4},"end":{"line":51,"column":5}},"27":{"start":{"line":50,"column":8},"end":{"line":50,"column":null}},"28":{"start":{"line":53,"column":23},"end":{"line":53,"column":43}},"29":{"start":{"line":54,"column":21},"end":{"line":54,"column":56}},"30":{"start":{"line":56,"column":4},"end":{"line":58,"column":5}},"31":{"start":{"line":57,"column":8},"end":{"line":57,"column":null}},"32":{"start":{"line":60,"column":52},"end":{"line":60,"column":54}},"33":{"start":{"line":61,"column":4},"end":{"line":61,"column":null}},"34":{"start":{"line":61,"column":14},"end":{"line":61,"column":null}},"35":{"start":{"line":62,"column":4},"end":{"line":62,"column":null}},"36":{"start":{"line":62,"column":21},"end":{"line":62,"column":null}},"37":{"start":{"line":63,"column":4},"end":{"line":63,"column":null}},"38":{"start":{"line":63,"column":31},"end":{"line":63,"column":null}},"39":{"start":{"line":64,"column":4},"end":{"line":64,"column":null}},"40":{"start":{"line":64,"column":28},"end":{"line":64,"column":null}},"41":{"start":{"line":66,"column":4},"end":{"line":66,"column":null}},"42":{"start":{"line":67,"column":25},"end":{"line":67,"column":60}},"43":{"start":{"line":69,"column":4},"end":{"line":69,"column":null}},"44":{"start":{"line":72,"column":0},"end":{"line":95,"column":null}},"45":{"start":{"line":73,"column":4},"end":{"line":75,"column":5}},"46":{"start":{"line":74,"column":8},"end":{"line":74,"column":null}},"47":{"start":{"line":77,"column":24},"end":{"line":77,"column":34}},"48":{"start":{"line":78,"column":4},"end":{"line":80,"column":5}},"49":{"start":{"line":79,"column":8},"end":{"line":79,"column":null}},"50":{"start":{"line":82,"column":23},"end":{"line":82,"column":43}},"51":{"start":{"line":83,"column":21},"end":{"line":83,"column":58}},"52":{"start":{"line":84,"column":4},"end":{"line":86,"column":5}},"53":{"start":{"line":85,"column":8},"end":{"line":85,"column":null}},"54":{"start":{"line":88,"column":4},"end":{"line":90,"column":5}},"55":{"start":{"line":89,"column":8},"end":{"line":89,"column":null}},"56":{"start":{"line":92,"column":4},"end":{"line":92,"column":null}},"57":{"start":{"line":93,"column":25},"end":{"line":93,"column":62}},"58":{"start":{"line":94,"column":4},"end":{"line":94,"column":null}},"59":{"start":{"line":98,"column":0},"end":{"line":106,"column":null}},"60":{"start":{"line":99,"column":22},"end":{"line":99,"column":32}},"61":{"start":{"line":100,"column":23},"end":{"line":100,"column":43}},"62":{"start":{"line":101,"column":18},"end":{"line":101,"column":53}},"63":{"start":{"line":103,"column":4},"end":{"line":103,"column":null}},"64":{"start":{"line":103,"column":16},"end":{"line":103,"column":null}},"65":{"start":{"line":105,"column":4},"end":{"line":105,"column":null}},"66":{"start":{"line":108,"column":0},"end":{"line":116,"column":null}},"67":{"start":{"line":109,"column":22},"end":{"line":109,"column":32}},"68":{"start":{"line":110,"column":23},"end":{"line":110,"column":43}},"69":{"start":{"line":111,"column":18},"end":{"line":111,"column":53}},"70":{"start":{"line":113,"column":4},"end":{"line":113,"column":null}},"71":{"start":{"line":113,"column":16},"end":{"line":113,"column":null}},"72":{"start":{"line":115,"column":4},"end":{"line":115,"column":null}},"73":{"start":{"line":118,"column":0},"end":{"line":122,"column":null}},"74":{"start":{"line":119,"column":23},"end":{"line":119,"column":43}},"75":{"start":{"line":120,"column":19},"end":{"line":120,"column":66}},"76":{"start":{"line":121,"column":4},"end":{"line":121,"column":null}},"77":{"start":{"line":124,"column":0},"end":{"line":159,"column":3}},"78":{"start":{"line":125,"column":4},"end":{"line":158,"column":5}},"79":{"start":{"line":126,"column":26},"end":{"line":126,"column":36}},"80":{"start":{"line":128,"column":32},"end":{"line":128,"column":52}},"81":{"start":{"line":129,"column":31},"end":{"line":129,"column":50}},"82":{"start":{"line":131,"column":22},"end":{"line":131,"column":62}},"83":{"start":{"line":133,"column":8},"end":{"line":135,"column":9}},"84":{"start":{"line":134,"column":12},"end":{"line":134,"column":68}},"85":{"start":{"line":137,"column":31},"end":{"line":137,"column":57}},"86":{"start":{"line":138,"column":8},"end":{"line":140,"column":9}},"87":{"start":{"line":139,"column":12},"end":{"line":139,"column":32}},"88":{"start":{"line":143,"column":22},"end":{"line":146,"column":22}},"89":{"start":{"line":148,"column":8},"end":{"line":148,"column":24}},"90":{"start":{"line":150,"column":8},"end":{"line":150,"column":64}},"91":{"start":{"line":153,"column":8},"end":{"line":157,"column":9}},"92":{"start":{"line":154,"column":12},"end":{"line":154,"column":91}},"93":{"start":{"line":156,"column":12},"end":{"line":156,"column":91}},"94":{"start":{"line":161,"column":0},"end":{"line":170,"column":null}},"95":{"start":{"line":162,"column":4},"end":{"line":164,"column":5}},"96":{"start":{"line":163,"column":8},"end":{"line":163,"column":null}},"97":{"start":{"line":166,"column":22},"end":{"line":166,"column":32}},"98":{"start":{"line":167,"column":23},"end":{"line":167,"column":43}},"99":{"start":{"line":168,"column":4},"end":{"line":168,"column":null}},"100":{"start":{"line":169,"column":4},"end":{"line":169,"column":null}},"101":{"start":{"line":172,"column":0},"end":{"line":219,"column":null}},"102":{"start":{"line":176,"column":8},"end":{"line":178,"column":9}},"103":{"start":{"line":177,"column":12},"end":{"line":177,"column":90}},"104":{"start":{"line":180,"column":28},"end":{"line":180,"column":38}},"105":{"start":{"line":181,"column":31},"end":{"line":181,"column":39}},"106":{"start":{"line":183,"column":27},"end":{"line":183,"column":47}},"107":{"start":{"line":184,"column":22},"end":{"line":184,"column":59}},"108":{"start":{"line":185,"column":8},"end":{"line":187,"column":9}},"109":{"start":{"line":186,"column":12},"end":{"line":186,"column":70}},"110":{"start":{"line":189,"column":8},"end":{"line":192,"column":10}},"111":{"start":{"line":195,"column":8},"end":{"line":195,"column":48}},"112":{"start":{"line":198,"column":8},"end":{"line":215,"column":9}},"113":{"start":{"line":199,"column":26},"end":{"line":199,"column":63}},"114":{"start":{"line":200,"column":12},"end":{"line":211,"column":13}},"115":{"start":{"line":201,"column":16},"end":{"line":201,"column":null}},"116":{"start":{"line":203,"column":16},"end":{"line":210,"column":17}},"117":{"start":{"line":204,"column":20},"end":{"line":209,"column":21}},"118":{"start":{"line":205,"column":24},"end":{"line":205,"column":null}},"119":{"start":{"line":206,"column":24},"end":{"line":206,"column":null}},"120":{"start":{"line":208,"column":24},"end":{"line":208,"column":null}},"121":{"start":{"line":213,"column":12},"end":{"line":213,"column":null}},"122":{"start":{"line":217,"column":8},"end":{"line":217,"column":57}},"123":{"start":{"line":222,"column":0},"end":{"line":278,"column":null}},"124":{"start":{"line":226,"column":8},"end":{"line":228,"column":9}},"125":{"start":{"line":227,"column":12},"end":{"line":227,"column":94}},"126":{"start":{"line":230,"column":28},"end":{"line":230,"column":38}},"127":{"start":{"line":231,"column":39},"end":{"line":231,"column":47}},"128":{"start":{"line":233,"column":8},"end":{"line":235,"column":9}},"129":{"start":{"line":234,"column":12},"end":{"line":234,"column":83}},"130":{"start":{"line":237,"column":27},"end":{"line":237,"column":47}},"131":{"start":{"line":238,"column":22},"end":{"line":238,"column":59}},"132":{"start":{"line":239,"column":8},"end":{"line":241,"column":9}},"133":{"start":{"line":240,"column":12},"end":{"line":240,"column":70}},"134":{"start":{"line":243,"column":8},"end":{"line":255,"column":9}},"135":{"start":{"line":244,"column":12},"end":{"line":247,"column":14}},"136":{"start":{"line":248,"column":15},"end":{"line":255,"column":9}},"137":{"start":{"line":249,"column":12},"end":{"line":252,"column":14}},"138":{"start":{"line":254,"column":12},"end":{"line":254,"column":92}},"139":{"start":{"line":258,"column":8},"end":{"line":274,"column":9}},"140":{"start":{"line":259,"column":12},"end":{"line":270,"column":13}},"141":{"start":{"line":260,"column":16},"end":{"line":260,"column":null}},"142":{"start":{"line":262,"column":16},"end":{"line":269,"column":17}},"143":{"start":{"line":263,"column":20},"end":{"line":268,"column":21}},"144":{"start":{"line":264,"column":24},"end":{"line":264,"column":null}},"145":{"start":{"line":265,"column":24},"end":{"line":265,"column":null}},"146":{"start":{"line":267,"column":24},"end":{"line":267,"column":null}},"147":{"start":{"line":272,"column":12},"end":{"line":272,"column":null}},"148":{"start":{"line":276,"column":8},"end":{"line":276,"column":67}},"149":{"start":{"line":281,"column":0},"end":{"line":333,"column":2}},"150":{"start":{"line":285,"column":8},"end":{"line":287,"column":9}},"151":{"start":{"line":286,"column":12},"end":{"line":286,"column":91}},"152":{"start":{"line":289,"column":36},"end":{"line":289,"column":46}},"153":{"start":{"line":293,"column":8},"end":{"line":295,"column":9}},"154":{"start":{"line":294,"column":12},"end":{"line":294,"column":96}},"155":{"start":{"line":297,"column":27},"end":{"line":297,"column":47}},"156":{"start":{"line":298,"column":22},"end":{"line":298,"column":59}},"157":{"start":{"line":300,"column":8},"end":{"line":302,"column":9}},"158":{"start":{"line":301,"column":12},"end":{"line":301,"column":70}},"159":{"start":{"line":304,"column":30},"end":{"line":304,"column":49}},"160":{"start":{"line":305,"column":28},"end":{"line":305,"column":68}},"161":{"start":{"line":306,"column":24},"end":{"line":306,"column":121}},"162":{"start":{"line":307,"column":27},"end":{"line":307,"column":65}},"163":{"start":{"line":310,"column":8},"end":{"line":313,"column":10}},"164":{"start":{"line":316,"column":8},"end":{"line":326,"column":9}},"165":{"start":{"line":317,"column":33},"end":{"line":317,"column":50}},"166":{"start":{"line":318,"column":12},"end":{"line":322,"column":15}},"167":{"start":{"line":323,"column":12},"end":{"line":323,"column":78}},"168":{"start":{"line":325,"column":12},"end":{"line":325,"column":88}},"169":{"start":{"line":328,"column":8},"end":{"line":331,"column":11}},"170":{"start":{"line":335,"column":0},"end":{"line":335,"column":null}}},"fnMap":{"0":{"name":"(anonymous_0)","decl":{"start":{"line":15,"column":38},"end":{"line":15,"column":43}},"loc":{"start":{"line":15,"column":76},"end":{"line":39,"column":1}}},"1":{"name":"(anonymous_1)","decl":{"start":{"line":41,"column":47},"end":{"line":41,"column":52}},"loc":{"start":{"line":41,"column":85},"end":{"line":70,"column":1}}},"2":{"name":"(anonymous_2)","decl":{"start":{"line":72,"column":53},"end":{"line":72,"column":58}},"loc":{"start":{"line":72,"column":91},"end":{"line":95,"column":1}}},"3":{"name":"(anonymous_3)","decl":{"start":{"line":98,"column":45},"end":{"line":98,"column":50}},"loc":{"start":{"line":98,"column":83},"end":{"line":106,"column":1}}},"4":{"name":"(anonymous_4)","decl":{"start":{"line":108,"column":52},"end":{"line":108,"column":57}},"loc":{"start":{"line":108,"column":90},"end":{"line":116,"column":1}}},"5":{"name":"(anonymous_5)","decl":{"start":{"line":118,"column":37},"end":{"line":118,"column":42}},"loc":{"start":{"line":118,"column":75},"end":{"line":122,"column":1}}},"6":{"name":"(anonymous_6)","decl":{"start":{"line":124,"column":51},"end":{"line":124,"column":56}},"loc":{"start":{"line":124,"column":89},"end":{"line":159,"column":1}}},"7":{"name":"(anonymous_7)","decl":{"start":{"line":161,"column":48},"end":{"line":161,"column":53}},"loc":{"start":{"line":161,"column":86},"end":{"line":170,"column":1}}},"8":{"name":"(anonymous_8)","decl":{"start":{"line":175,"column":4},"end":{"line":175,"column":9}},"loc":{"start":{"line":175,"column":42},"end":{"line":218,"column":5}}},"9":{"name":"(anonymous_9)","decl":{"start":{"line":225,"column":4},"end":{"line":225,"column":9}},"loc":{"start":{"line":225,"column":42},"end":{"line":277,"column":5}}},"10":{"name":"(anonymous_10)","decl":{"start":{"line":284,"column":4},"end":{"line":284,"column":9}},"loc":{"start":{"line":284,"column":42},"end":{"line":332,"column":5}}}},"branchMap":{"0":{"loc":{"start":{"line":16,"column":4},"end":{"line":18,"column":5}},"type":"if","locations":[{"start":{"line":16,"column":4},"end":{"line":18,"column":5}},{"start":{},"end":{}}]},"1":{"loc":{"start":{"line":21,"column":4},"end":{"line":23,"column":5}},"type":"if","locations":[{"start":{"line":21,"column":4},"end":{"line":23,"column":5}},{"start":{},"end":{}}]},"2":{"loc":{"start":{"line":21,"column":8},"end":{"line":21,"column":29}},"type":"binary-expr","locations":[{"start":{"line":21,"column":8},"end":{"line":21,"column":13}},{"start":{"line":21,"column":17},"end":{"line":21,"column":29}}]},"3":{"loc":{"start":{"line":42,"column":4},"end":{"line":44,"column":5}},"type":"if","locations":[{"start":{"line":42,"column":4},"end":{"line":44,"column":5}},{"start":{},"end":{}}]},"4":{"loc":{"start":{"line":49,"column":4},"end":{"line":51,"column":5}},"type":"if","locations":[{"start":{"line":49,"column":4},"end":{"line":51,"column":5}},{"start":{},"end":{}}]},"5":{"loc":{"start":{"line":56,"column":4},"end":{"line":58,"column":5}},"type":"if","locations":[{"start":{"line":56,"column":4},"end":{"line":58,"column":5}},{"start":{},"end":{}}]},"6":{"loc":{"start":{"line":61,"column":4},"end":{"line":61,"column":null}},"type":"if","locations":[{"start":{"line":61,"column":4},"end":{"line":61,"column":null}},{"start":{},"end":{}}]},"7":{"loc":{"start":{"line":62,"column":4},"end":{"line":62,"column":null}},"type":"if","locations":[{"start":{"line":62,"column":4},"end":{"line":62,"column":null}},{"start":{},"end":{}}]},"8":{"loc":{"start":{"line":63,"column":4},"end":{"line":63,"column":null}},"type":"if","locations":[{"start":{"line":63,"column":4},"end":{"line":63,"column":null}},{"start":{},"end":{}}]},"9":{"loc":{"start":{"line":64,"column":4},"end":{"line":64,"column":null}},"type":"if","locations":[{"start":{"line":64,"column":4},"end":{"line":64,"column":null}},{"start":{},"end":{}}]},"10":{"loc":{"start":{"line":73,"column":4},"end":{"line":75,"column":5}},"type":"if","locations":[{"start":{"line":73,"column":4},"end":{"line":75,"column":5}},{"start":{},"end":{}}]},"11":{"loc":{"start":{"line":78,"column":4},"end":{"line":80,"column":5}},"type":"if","locations":[{"start":{"line":78,"column":4},"end":{"line":80,"column":5}},{"start":{},"end":{}}]},"12":{"loc":{"start":{"line":84,"column":4},"end":{"line":86,"column":5}},"type":"if","locations":[{"start":{"line":84,"column":4},"end":{"line":86,"column":5}},{"start":{},"end":{}}]},"13":{"loc":{"start":{"line":88,"column":4},"end":{"line":90,"column":5}},"type":"if","locations":[{"start":{"line":88,"column":4},"end":{"line":90,"column":5}},{"start":{},"end":{}}]},"14":{"loc":{"start":{"line":103,"column":4},"end":{"line":103,"column":null}},"type":"if","locations":[{"start":{"line":103,"column":4},"end":{"line":103,"column":null}},{"start":{},"end":{}}]},"15":{"loc":{"start":{"line":113,"column":4},"end":{"line":113,"column":null}},"type":"if","locations":[{"start":{"line":113,"column":4},"end":{"line":113,"column":null}},{"start":{},"end":{}}]},"16":{"loc":{"start":{"line":133,"column":8},"end":{"line":135,"column":9}},"type":"if","locations":[{"start":{"line":133,"column":8},"end":{"line":135,"column":9}},{"start":{},"end":{}}]},"17":{"loc":{"start":{"line":137,"column":31},"end":{"line":137,"column":57}},"type":"binary-expr","locations":[{"start":{"line":137,"column":31},"end":{"line":137,"column":51}},{"start":{"line":137,"column":55},"end":{"line":137,"column":57}}]},"18":{"loc":{"start":{"line":138,"column":8},"end":{"line":140,"column":9}},"type":"if","locations":[{"start":{"line":138,"column":8},"end":{"line":140,"column":9}},{"start":{},"end":{}}]},"19":{"loc":{"start":{"line":153,"column":8},"end":{"line":157,"column":9}},"type":"if","locations":[{"start":{"line":153,"column":8},"end":{"line":157,"column":9}},{"start":{"line":155,"column":15},"end":{"line":157,"column":9}}]},"20":{"loc":{"start":{"line":162,"column":4},"end":{"line":164,"column":5}},"type":"if","locations":[{"start":{"line":162,"column":4},"end":{"line":164,"column":5}},{"start":{},"end":{}}]},"21":{"loc":{"start":{"line":176,"column":8},"end":{"line":178,"column":9}},"type":"if","locations":[{"start":{"line":176,"column":8},"end":{"line":178,"column":9}},{"start":{},"end":{}}]},"22":{"loc":{"start":{"line":185,"column":8},"end":{"line":187,"column":9}},"type":"if","locations":[{"start":{"line":185,"column":8},"end":{"line":187,"column":9}},{"start":{},"end":{}}]},"23":{"loc":{"start":{"line":200,"column":12},"end":{"line":211,"column":13}},"type":"if","locations":[{"start":{"line":200,"column":12},"end":{"line":211,"column":13}},{"start":{},"end":{}}]},"24":{"loc":{"start":{"line":200,"column":16},"end":{"line":200,"column":80}},"type":"binary-expr","locations":[{"start":{"line":200,"column":16},"end":{"line":200,"column":21}},{"start":{"line":200,"column":25},"end":{"line":200,"column":45}},{"start":{"line":200,"column":49},"end":{"line":200,"column":80}}]},"25":{"loc":{"start":{"line":226,"column":8},"end":{"line":228,"column":9}},"type":"if","locations":[{"start":{"line":226,"column":8},"end":{"line":228,"column":9}},{"start":{},"end":{}}]},"26":{"loc":{"start":{"line":233,"column":8},"end":{"line":235,"column":9}},"type":"if","locations":[{"start":{"line":233,"column":8},"end":{"line":235,"column":9}},{"start":{},"end":{}}]},"27":{"loc":{"start":{"line":233,"column":12},"end":{"line":233,"column":34}},"type":"binary-expr","locations":[{"start":{"line":233,"column":12},"end":{"line":233,"column":19}},{"start":{"line":233,"column":23},"end":{"line":233,"column":34}}]},"28":{"loc":{"start":{"line":239,"column":8},"end":{"line":241,"column":9}},"type":"if","locations":[{"start":{"line":239,"column":8},"end":{"line":241,"column":9}},{"start":{},"end":{}}]},"29":{"loc":{"start":{"line":243,"column":8},"end":{"line":255,"column":9}},"type":"if","locations":[{"start":{"line":243,"column":8},"end":{"line":255,"column":9}},{"start":{"line":248,"column":15},"end":{"line":255,"column":9}}]},"30":{"loc":{"start":{"line":248,"column":15},"end":{"line":255,"column":9}},"type":"if","locations":[{"start":{"line":248,"column":15},"end":{"line":255,"column":9}},{"start":{"line":253,"column":15},"end":{"line":255,"column":9}}]},"31":{"loc":{"start":{"line":259,"column":12},"end":{"line":270,"column":13}},"type":"if","locations":[{"start":{"line":259,"column":12},"end":{"line":270,"column":13}},{"start":{},"end":{}}]},"32":{"loc":{"start":{"line":259,"column":16},"end":{"line":259,"column":71}},"type":"binary-expr","locations":[{"start":{"line":259,"column":16},"end":{"line":259,"column":36}},{"start":{"line":259,"column":40},"end":{"line":259,"column":71}}]},"33":{"loc":{"start":{"line":285,"column":8},"end":{"line":287,"column":9}},"type":"if","locations":[{"start":{"line":285,"column":8},"end":{"line":287,"column":9}},{"start":{},"end":{}}]},"34":{"loc":{"start":{"line":293,"column":8},"end":{"line":295,"column":9}},"type":"if","locations":[{"start":{"line":293,"column":8},"end":{"line":295,"column":9}},{"start":{},"end":{}}]},"35":{"loc":{"start":{"line":300,"column":8},"end":{"line":302,"column":9}},"type":"if","locations":[{"start":{"line":300,"column":8},"end":{"line":302,"column":9}},{"start":{},"end":{}}]},"36":{"loc":{"start":{"line":305,"column":28},"end":{"line":305,"column":68}},"type":"cond-expr","locations":[{"start":{"line":305,"column":44},"end":{"line":305,"column":54}},{"start":{"line":305,"column":57},"end":{"line":305,"column":68}}]},"37":{"loc":{"start":{"line":306,"column":24},"end":{"line":306,"column":121}},"type":"cond-expr","locations":[{"start":{"line":306,"column":40},"end":{"line":306,"column":78}},{"start":{"line":306,"column":81},"end":{"line":306,"column":121}}]},"38":{"loc":{"start":{"line":307,"column":27},"end":{"line":307,"column":65}},"type":"cond-expr","locations":[{"start":{"line":307,"column":43},"end":{"line":307,"column":52}},{"start":{"line":307,"column":55},"end":{"line":307,"column":65}}]}},"s":{"0":0,"1":0,"2":0,"3":0,"4":0,"5":0,"6":0,"7":0,"8":0,"9":0,"10":0,"11":0,"12":0,"13":0,"14":0,"15":0,"16":0,"17":0,"18":0,"19":0,"20":0,"21":0,"22":0,"23":0,"24":0,"25":0,"26":0,"27":0,"28":0,"29":0,"30":0,"31":0,"32":0,"33":0,"34":0,"35":0,"36":0,"37":0,"38":0,"39":0,"40":0,"41":0,"42":0,"43":0,"44":0,"45":0,"46":0,"47":0,"48":0,"49":0,"50":0,"51":0,"52":0,"53":0,"54":0,"55":0,"56":0,"57":0,"58":0,"59":0,"60":0,"61":0,"62":0,"63":0,"64":0,"65":0,"66":0,"67":0,"68":0,"69":0,"70":0,"71":0,"72":0,"73":0,"74":0,"75":0,"76":0,"77":0,"78":0,"79":0,"80":0,"81":0,"82":0,"83":0,"84":0,"85":0,"86":0,"87":0,"88":0,"89":0,"90":0,"91":0,"92":0,"93":0,"94":0,"95":0,"96":0,"97":0,"98":0,"99":0,"100":0,"101":0,"102":0,"103":0,"104":0,"105":0,"106":0,"107":0,"108":0,"109":0,"110":0,"111":0,"112":0,"113":0,"114":0,"115":0,"116":0,"117":0,"118":0,"119":0,"120":0,"121":0,"122":0,"123":0,"124":0,"125":0,"126":0,"127":0,"128":0,"129":0,"130":0,"131":0,"132":0,"133":0,"134":0,"135":0,"136":0,"137":0,"138":0,"139":0,"140":0,"141":0,"142":0,"143":0,"144":0,"145":0,"146":0,"147":0,"148":0,"149":0,"150":0,"151":0,"152":0,"153":0,"154":0,"155":0,"156":0,"157":0,"158":0,"159":0,"160":0,"161":0,"162":0,"163":0,"164":0,"165":0,"166":0,"167":0,"168":0,"169":0,"170":0},"f":{"0":0,"1":0,"2":0,"3":0,"4":0,"5":0,"6":0,"7":0,"8":0,"9":0,"10":0},"b":{"0":[0,0],"1":[0,0],"2":[0,0],"3":[0,0],"4":[0,0],"5":[0,0],"6":[0,0],"7":[0,0],"8":[0,0],"9":[0,0],"10":[0,0],"11":[0,0],"12":[0,0],"13":[0,0],"14":[0,0],"15":[0,0],"16":[0,0],"17":[0,0],"18":[0,0],"19":[0,0],"20":[0,0],"21":[0,0],"22":[0,0],"23":[0,0],"24":[0,0,0],"25":[0,0],"26":[0,0],"27":[0,0],"28":[0,0],"29":[0,0],"30":[0,0],"31":[0,0],"32":[0,0],"33":[0,0],"34":[0,0],"35":[0,0],"36":[0,0],"37":[0,0],"38":[0,0]}}
,"C:\\Users\\Nanna\\Documents\\code\\konnektaro-be\\src\\routes\\groupActivityRoutes.ts": {"path":"C:\\Users\\Nanna\\Documents\\code\\konnektaro-be\\src\\routes\\groupActivityRoutes.ts","statementMap":{"0":{"start":{"line":1,"column":0},"end":{"line":1,"column":49}},"1":{"start":{"line":3,"column":0},"end":{"line":3,"column":64}},"2":{"start":{"line":4,"column":0},"end":{"line":4,"column":78}},"3":{"start":{"line":5,"column":0},"end":{"line":5,"column":33}},"4":{"start":{"line":6,"column":0},"end":{"line":6,"column":84}},"5":{"start":{"line":7,"column":0},"end":{"line":7,"column":28}},"6":{"start":{"line":8,"column":0},"end":{"line":8,"column":64}},"7":{"start":{"line":9,"column":0},"end":{"line":9,"column":66}},"8":{"start":{"line":10,"column":0},"end":{"line":10,"column":66}},"9":{"start":{"line":11,"column":0},"end":{"line":11,"column":58}},"10":{"start":{"line":13,"column":15},"end":{"line":13,"column":23}},"11":{"start":{"line":14,"column":0},"end":{"line":14,"column":null}},"12":{"start":{"line":18,"column":0},"end":{"line":34,"column":null}},"13":{"start":{"line":19,"column":4},"end":{"line":33,"column":5}},"14":{"start":{"line":20,"column":34},"end":{"line":20,"column":44}},"15":{"start":{"line":22,"column":32},"end":{"line":22,"column":60}},"16":{"start":{"line":23,"column":30},"end":{"line":23,"column":78}},"17":{"start":{"line":25,"column":8},"end":{"line":27,"column":9}},"18":{"start":{"line":26,"column":12},"end":{"line":26,"column":null}},"19":{"start":{"line":29,"column":8},"end":{"line":29,"column":null}},"20":{"start":{"line":31,"column":8},"end":{"line":31,"column":null}},"21":{"start":{"line":32,"column":8},"end":{"line":32,"column":null}},"22":{"start":{"line":37,"column":0},"end":{"line":53,"column":null}},"23":{"start":{"line":38,"column":4},"end":{"line":52,"column":5}},"24":{"start":{"line":39,"column":29},"end":{"line":39,"column":39}},"25":{"start":{"line":41,"column":32},"end":{"line":41,"column":60}},"26":{"start":{"line":42,"column":30},"end":{"line":42,"column":73}},"27":{"start":{"line":44,"column":8},"end":{"line":46,"column":9}},"28":{"start":{"line":45,"column":12},"end":{"line":45,"column":null}},"29":{"start":{"line":48,"column":8},"end":{"line":48,"column":null}},"30":{"start":{"line":50,"column":8},"end":{"line":50,"column":null}},"31":{"start":{"line":51,"column":8},"end":{"line":51,"column":null}},"32":{"start":{"line":57,"column":0},"end":{"line":169,"column":null}},"33":{"start":{"line":61,"column":8},"end":{"line":61,"column":null}},"34":{"start":{"line":62,"column":8},"end":{"line":167,"column":9}},"35":{"start":{"line":63,"column":42},"end":{"line":63,"column":52}},"36":{"start":{"line":65,"column":35},"end":{"line":65,"column":54}},"37":{"start":{"line":66,"column":36},"end":{"line":66,"column":56}},"38":{"start":{"line":67,"column":36},"end":{"line":67,"column":64}},"39":{"start":{"line":70,"column":42},"end":{"line":70,"column":85}},"40":{"start":{"line":72,"column":26},"end":{"line":74,"column":26}},"41":{"start":{"line":76,"column":12},"end":{"line":78,"column":13}},"42":{"start":{"line":77,"column":16},"end":{"line":77,"column":null}},"43":{"start":{"line":80,"column":29},"end":{"line":80,"column":71}},"44":{"start":{"line":80,"column":51},"end":{"line":80,"column":70}},"45":{"start":{"line":81,"column":32},"end":{"line":81,"column":66}},"46":{"start":{"line":82,"column":48},"end":{"line":82,"column":50}},"47":{"start":{"line":84,"column":26},"end":{"line":84,"column":44}},"48":{"start":{"line":86,"column":12},"end":{"line":103,"column":null}},"49":{"start":{"line":87,"column":56},"end":{"line":93,"column":19}},"50":{"start":{"line":87,"column":74},"end":{"line":93,"column":18}},"51":{"start":{"line":95,"column":35},"end":{"line":95,"column":74}},"52":{"start":{"line":97,"column":16},"end":{"line":102,"column":null}},"53":{"start":{"line":108,"column":12},"end":{"line":135,"column":13}},"54":{"start":{"line":110,"column":16},"end":{"line":119,"column":null}},"55":{"start":{"line":122,"column":16},"end":{"line":122,"column":null}},"56":{"start":{"line":123,"column":16},"end":{"line":123,"column":null}},"57":{"start":{"line":126,"column":16},"end":{"line":131,"column":null}},"58":{"start":{"line":133,"column":16},"end":{"line":133,"column":null}},"59":{"start":{"line":134,"column":16},"end":{"line":134,"column":null}},"60":{"start":{"line":137,"column":12},"end":{"line":140,"column":null}},"61":{"start":{"line":143,"column":12},"end":{"line":143,"column":null}},"62":{"start":{"line":146,"column":12},"end":{"line":161,"column":13}},"63":{"start":{"line":147,"column":35},"end":{"line":147,"column":65}},"64":{"start":{"line":147,"column":53},"end":{"line":147,"column":64}},"65":{"start":{"line":148,"column":16},"end":{"line":148,"column":null}},"66":{"start":{"line":150,"column":16},"end":{"line":157,"column":17}},"67":{"start":{"line":151,"column":20},"end":{"line":156,"column":21}},"68":{"start":{"line":152,"column":24},"end":{"line":152,"column":null}},"69":{"start":{"line":153,"column":24},"end":{"line":153,"column":null}},"70":{"start":{"line":155,"column":24},"end":{"line":155,"column":null}},"71":{"start":{"line":159,"column":16},"end":{"line":159,"column":null}},"72":{"start":{"line":163,"column":12},"end":{"line":163,"column":null}},"73":{"start":{"line":165,"column":12},"end":{"line":165,"column":null}},"74":{"start":{"line":166,"column":12},"end":{"line":166,"column":null}},"75":{"start":{"line":171,"column":0},"end":{"line":171,"column":null}}},"fnMap":{"0":{"name":"(anonymous_0)","decl":{"start":{"line":18,"column":53},"end":{"line":18,"column":58}},"loc":{"start":{"line":18,"column":91},"end":{"line":34,"column":1}}},"1":{"name":"(anonymous_1)","decl":{"start":{"line":37,"column":57},"end":{"line":37,"column":62}},"loc":{"start":{"line":37,"column":95},"end":{"line":53,"column":1}}},"2":{"name":"(anonymous_2)","decl":{"start":{"line":60,"column":4},"end":{"line":60,"column":9}},"loc":{"start":{"line":60,"column":42},"end":{"line":168,"column":5}}},"3":{"name":"(anonymous_3)","decl":{"start":{"line":80,"column":45},"end":{"line":80,"column":48}},"loc":{"start":{"line":80,"column":51},"end":{"line":80,"column":70}}},"4":{"name":"(anonymous_4)","decl":{"start":{"line":86,"column":26},"end":{"line":86,"column":27}},"loc":{"start":{"line":86,"column":57},"end":{"line":103,"column":13}}},"5":{"name":"(anonymous_5)","decl":{"start":{"line":87,"column":65},"end":{"line":87,"column":69}},"loc":{"start":{"line":87,"column":74},"end":{"line":93,"column":18}}},"6":{"name":"(anonymous_6)","decl":{"start":{"line":147,"column":45},"end":{"line":147,"column":49}},"loc":{"start":{"line":147,"column":53},"end":{"line":147,"column":64}}}},"branchMap":{"0":{"loc":{"start":{"line":25,"column":8},"end":{"line":27,"column":9}},"type":"if","locations":[{"start":{"line":25,"column":8},"end":{"line":27,"column":9}},{"start":{},"end":{}}]},"1":{"loc":{"start":{"line":44,"column":8},"end":{"line":46,"column":9}},"type":"if","locations":[{"start":{"line":44,"column":8},"end":{"line":46,"column":9}},{"start":{},"end":{}}]},"2":{"loc":{"start":{"line":76,"column":12},"end":{"line":78,"column":13}},"type":"if","locations":[{"start":{"line":76,"column":12},"end":{"line":78,"column":13}},{"start":{},"end":{}}]},"3":{"loc":{"start":{"line":108,"column":12},"end":{"line":135,"column":13}},"type":"if","locations":[{"start":{"line":108,"column":12},"end":{"line":135,"column":13}},{"start":{"line":124,"column":19},"end":{"line":135,"column":13}}]},"4":{"loc":{"start":{"line":115,"column":35},"end":{"line":115,"column":81}},"type":"binary-expr","locations":[{"start":{"line":115,"column":35},"end":{"line":115,"column":50}},{"start":{"line":115,"column":54},"end":{"line":115,"column":81}}]},"5":{"loc":{"start":{"line":130,"column":27},"end":{"line":130,"column":51}},"type":"binary-expr","locations":[{"start":{"line":130,"column":27},"end":{"line":130,"column":42}},{"start":{"line":130,"column":46},"end":{"line":130,"column":51}}]}},"s":{"0":1,"1":1,"2":1,"3":1,"4":1,"5":1,"6":1,"7":1,"8":1,"9":1,"10":1,"11":1,"12":1,"13":6,"14":6,"15":6,"16":6,"17":4,"18":1,"19":3,"20":2,"21":2,"22":1,"23":4,"24":4,"25":4,"26":4,"27":3,"28":1,"29":2,"30":1,"31":1,"32":1,"33":16,"34":16,"35":16,"36":16,"37":16,"38":16,"39":16,"40":14,"41":14,"42":2,"43":12,"44":29,"45":12,"46":12,"47":12,"48":12,"49":20,"50":31,"51":20,"52":20,"53":12,"54":3,"55":3,"56":3,"57":9,"58":9,"59":9,"60":12,"61":12,"62":12,"63":12,"64":31,"65":12,"66":12,"67":31,"68":31,"69":26,"70":5,"71":0,"72":12,"73":2,"74":2,"75":1},"f":{"0":6,"1":4,"2":16,"3":29,"4":20,"5":31,"6":31},"b":{"0":[1,3],"1":[1,2],"2":[2,12],"3":[3,9],"4":[3,1],"5":[9,1]}}
,"C:\\Users\\Nanna\\Documents\\code\\konnektaro-be\\src\\routes\\participantRoutes.ts": {"path":"C:\\Users\\Nanna\\Documents\\code\\konnektaro-be\\src\\routes\\participantRoutes.ts","statementMap":{"0":{"start":{"line":1,"column":0},"end":{"line":1,"column":51}},"1":{"start":{"line":2,"column":0},"end":{"line":2,"column":66}},"2":{"start":{"line":3,"column":0},"end":{"line":3,"column":90}},"3":{"start":{"line":5,"column":15},"end":{"line":5,"column":23}},"4":{"start":{"line":6,"column":0},"end":{"line":6,"column":null}},"5":{"start":{"line":8,"column":0},"end":{"line":17,"column":null}},"6":{"start":{"line":9,"column":24},"end":{"line":9,"column":34}},"7":{"start":{"line":11,"column":40},"end":{"line":11,"column":72}},"8":{"start":{"line":12,"column":25},"end":{"line":12,"column":86}},"9":{"start":{"line":14,"column":4},"end":{"line":14,"column":null}},"10":{"start":{"line":14,"column":35},"end":{"line":14,"column":null}},"11":{"start":{"line":16,"column":4},"end":{"line":16,"column":null}},"12":{"start":{"line":19,"column":0},"end":{"line":19,"column":null}}},"fnMap":{"0":{"name":"(anonymous_0)","decl":{"start":{"line":8,"column":58},"end":{"line":8,"column":63}},"loc":{"start":{"line":8,"column":96},"end":{"line":17,"column":1}}}},"branchMap":{"0":{"loc":{"start":{"line":14,"column":4},"end":{"line":14,"column":null}},"type":"if","locations":[{"start":{"line":14,"column":4},"end":{"line":14,"column":null}},{"start":{},"end":{}}]}},"s":{"0":1,"1":1,"2":1,"3":1,"4":1,"5":1,"6":10,"7":10,"8":10,"9":10,"10":1,"11":9,"12":1},"f":{"0":10},"b":{"0":[1,9]}}
,"C:\\Users\\Nanna\\Documents\\code\\konnektaro-be\\src\\routes\\userActivityRoutes.ts": {"path":"C:\\Users\\Nanna\\Documents\\code\\konnektaro-be\\src\\routes\\userActivityRoutes.ts","statementMap":{"0":{"start":{"line":1,"column":0},"end":{"line":1,"column":49}},"1":{"start":{"line":2,"column":0},"end":{"line":2,"column":57}},"2":{"start":{"line":3,"column":0},"end":{"line":3,"column":64}},"3":{"start":{"line":4,"column":0},"end":{"line":4,"column":40}},"4":{"start":{"line":5,"column":0},"end":{"line":5,"column":80}},"5":{"start":{"line":6,"column":0},"end":{"line":6,"column":58}},"6":{"start":{"line":7,"column":0},"end":{"line":7,"column":63}},"7":{"start":{"line":9,"column":15},"end":{"line":9,"column":23}},"8":{"start":{"line":10,"column":0},"end":{"line":10,"column":null}},"9":{"start":{"line":13,"column":0},"end":{"line":60,"column":null}},"10":{"start":{"line":14,"column":49},"end":{"line":14,"column":57}},"11":{"start":{"line":16,"column":4},"end":{"line":18,"column":5}},"12":{"start":{"line":17,"column":8},"end":{"line":17,"column":null}},"13":{"start":{"line":20,"column":23},"end":{"line":20,"column":50}},"14":{"start":{"line":23,"column":21},"end":{"line":23,"column":67}},"15":{"start":{"line":24,"column":4},"end":{"line":26,"column":5}},"16":{"start":{"line":25,"column":8},"end":{"line":25,"column":null}},"17":{"start":{"line":29,"column":23},"end":{"line":32,"column":6}},"18":{"start":{"line":34,"column":25},"end":{"line":40,"column":6}},"19":{"start":{"line":42,"column":4},"end":{"line":42,"column":null}},"20":{"start":{"line":45,"column":4},"end":{"line":57,"column":5}},"21":{"start":{"line":47,"column":31},"end":{"line":47,"column":50}},"22":{"start":{"line":48,"column":21},"end":{"line":48,"column":61}},"23":{"start":{"line":50,"column":8},"end":{"line":53,"column":9}},"24":{"start":{"line":51,"column":12},"end":{"line":51,"column":null}},"25":{"start":{"line":52,"column":12},"end":{"line":52,"column":null}},"26":{"start":{"line":55,"column":8},"end":{"line":55,"column":null}},"27":{"start":{"line":59,"column":4},"end":{"line":59,"column":null}},"28":{"start":{"line":63,"column":0},"end":{"line":67,"column":null}},"29":{"start":{"line":64,"column":23},"end":{"line":64,"column":50}},"30":{"start":{"line":65,"column":16},"end":{"line":65,"column":51}},"31":{"start":{"line":66,"column":4},"end":{"line":66,"column":null}},"32":{"start":{"line":70,"column":0},"end":{"line":77,"column":null}},"33":{"start":{"line":71,"column":33},"end":{"line":71,"column":43}},"34":{"start":{"line":72,"column":23},"end":{"line":72,"column":50}},"35":{"start":{"line":73,"column":19},"end":{"line":73,"column":65}},"36":{"start":{"line":75,"column":4},"end":{"line":75,"column":null}},"37":{"start":{"line":75,"column":17},"end":{"line":75,"column":null}},"38":{"start":{"line":76,"column":4},"end":{"line":76,"column":null}},"39":{"start":{"line":80,"column":0},"end":{"line":116,"column":null}},"40":{"start":{"line":81,"column":33},"end":{"line":81,"column":43}},"41":{"start":{"line":82,"column":29},"end":{"line":82,"column":37}},"42":{"start":{"line":84,"column":4},"end":{"line":84,"column":null}},"43":{"start":{"line":84,"column":16},"end":{"line":84,"column":null}},"44":{"start":{"line":86,"column":23},"end":{"line":86,"column":50}},"45":{"start":{"line":88,"column":23},"end":{"line":91,"column":6}},"46":{"start":{"line":93,"column":19},"end":{"line":95,"column":null}},"47":{"start":{"line":98,"column":4},"end":{"line":98,"column":null}},"48":{"start":{"line":98,"column":35},"end":{"line":98,"column":null}},"49":{"start":{"line":101,"column":4},"end":{"line":113,"column":5}},"50":{"start":{"line":103,"column":31},"end":{"line":103,"column":50}},"51":{"start":{"line":104,"column":21},"end":{"line":104,"column":61}},"52":{"start":{"line":106,"column":8},"end":{"line":109,"column":9}},"53":{"start":{"line":107,"column":12},"end":{"line":107,"column":null}},"54":{"start":{"line":108,"column":12},"end":{"line":108,"column":null}},"55":{"start":{"line":111,"column":8},"end":{"line":111,"column":null}},"56":{"start":{"line":115,"column":4},"end":{"line":115,"column":null}},"57":{"start":{"line":119,"column":0},"end":{"line":143,"column":null}},"58":{"start":{"line":120,"column":33},"end":{"line":120,"column":43}},"59":{"start":{"line":121,"column":23},"end":{"line":121,"column":50}},"60":{"start":{"line":123,"column":19},"end":{"line":123,"column":67}},"61":{"start":{"line":125,"column":4},"end":{"line":125,"column":null}},"62":{"start":{"line":125,"column":35},"end":{"line":125,"column":null}},"63":{"start":{"line":128,"column":4},"end":{"line":140,"column":5}},"64":{"start":{"line":130,"column":31},"end":{"line":130,"column":50}},"65":{"start":{"line":131,"column":21},"end":{"line":131,"column":61}},"66":{"start":{"line":133,"column":8},"end":{"line":136,"column":9}},"67":{"start":{"line":134,"column":12},"end":{"line":134,"column":null}},"68":{"start":{"line":135,"column":12},"end":{"line":135,"column":null}},"69":{"start":{"line":138,"column":8},"end":{"line":138,"column":null}},"70":{"start":{"line":142,"column":4},"end":{"line":142,"column":null}},"71":{"start":{"line":145,"column":0},"end":{"line":145,"column":null}}},"fnMap":{"0":{"name":"(anonymous_1)","decl":
[...]
,"C:\\Users\\Nanna\\Documents\\code\\konnektaro-be\\src\\scripts\\setRole.ts": {"path":"C:\\Users\\Nanna\\Documents\\code\\konnektaro-be\\src\\scripts\\setRole.ts","statementMap":{"0":{"start":{"line":2,"column":0},"end":{"line":2,"column":34}},"1":{"start":{"line":3,"column":0},"end":{"line":3,"column":23}},"2":{"start":{"line":6,"column":23},"end":{"line":6,"column":72}},"3":{"start":{"line":8,"column":0},"end":{"line":10,"column":null}},"4":{"start":{"line":13,"column":12},"end":{"line":13,"column":42}},"5":{"start":{"line":15,"column":0},"end":{"line":18,"column":null}},"6":{"start":{"line":16,"column":4},"end":{"line":16,"column":null}},"7":{"start":{"line":17,"column":4},"end":{"line":17,"column":null}}},"fnMap":{"0":{"name":"(anonymous_1)","decl":{"start":{"line":15,"column":60},"end":{"line":15,"column":63}},"loc":{"start":{"line":15,"column":65},"end":{"line":18,"column":1}}}},"branchMap":{},"s":{"0":0,"1":0,"2":0,"3":0,"4":0,"5":0,"6":0,"7":0},"f":{"0":0},"b":{}}
,"C:\\Users\\Nanna\\Documents\\code\\konnektaro-be\\src\\services\\reviewService.ts": {"path":"C:\\Users\\Nanna\\Documents\\code\\konnektaro-be\\src\\services\\reviewService.ts","statementMap":{"0":{"start":{"line":1,"column":0},"end":{"line":1,"column":69}},"1":{"start":{"line":2,"column":0},"end":{"line":2,"column":65}},"2":{"start":{"line":3,"column":0},"end":{"line":3,"column":67}},"3":{"start":{"line":4,"column":0},"end":{"line":4,"column":73}},"4":{"start":{"line":5,"column":0},"end":{"line":5,"column":81}},"5":{"start":{"line":6,"column":0},"end":{"line":6,"column":86}},"6":{"start":{"line":7,"column":0},"end":{"line":7,"column":55}},"7":{"start":{"line":9,"column":34},"end":{"line":185,"column":1}},"8":{"start":{"line":10,"column":27},"end":{"line":10,"column":46}},"9":{"start":{"line":11,"column":28},"end":{"line":11,"column":48}},"10":{"start":{"line":12,"column":31},"end":{"line":12,"column":54}},"11":{"start":{"line":13,"column":35},"end":{"line":13,"column":62}},"12":{"start":{"line":14,"column":36},"end":{"line":14,"column":64}},"13":{"start":{"line":17,"column":26},"end":{"line":20,"column":6}},"14":{"start":{"line":22,"column":4},"end":{"line":22,"column":null}},"15":{"start":{"line":22,"column":15},"end":{"line":22,"column":null}},"16":{"start":{"line":23,"column":4},"end":{"line":23,"column":null}},"17":{"start":{"line":23,"column":16},"end":{"line":23,"column":null}},"18":{"start":{"line":25,"column":24},"end":{"line":25,"column":47}},"19":{"start":{"line":26,"column":4},"end":{"line":37,"column":5}},"20":{"start":{"line":27,"column":8},"end":{"line":36,"column":null}},"21":{"start":{"line":40,"column":23},"end":{"line":42,"column":16}},"22":{"start":{"line":45,"column":27},"end":{"line":48,"column":16}},"23":{"start":{"line":51,"column":28},"end":{"line":52,"column":null}},"24":{"start":{"line":52,"column":33},"end":{"line":52,"column":52}},"25":{"start":{"line":56,"column":30},"end":{"line":56,"column":74}},"26":{"start":{"line":56,"column":53},"end":{"line":56,"column":73}},"27":{"start":{"line":57,"column":27},"end":{"line":57,"column":36}},"28":{"start":{"line":59,"column":4},"end":{"line":68,"column":5}},"29":{"start":{"line":60,"column":35},"end":{"line":60,"column":75}},"30":{"start":{"line":60,"column":62},"end":{"line":60,"column":74}},"31":{"start":{"line":61,"column":32},"end":{"line":63,"column":20}},"32":{"start":{"line":65,"column":8},"end":{"line":67,"column":null}},"33":{"start":{"line":66,"column":38},"end":{"line":66,"column":57}},"34":{"start":{"line":71,"column":29},"end":{"line":109,"column":6}},"35":{"start":{"line":72,"column":28},"end":{"line":81,"column":null}},"36":{"start":{"line":83,"column":8},"end":{"line":106,"column":9}},"37":{"start":{"line":84,"column":34},"end":{"line":84,"column":75}},"38":{"start":{"line":85,"column":12},"end":{"line":105,"column":13}},"39":{"start":{"line":86,"column":30},"end":{"line":87,"column":null}},"40":{"start":{"line":87,"column":20},"end":{"line":87,"column":87}},"41":{"start":{"line":87,"column":67},"end":{"line":87,"column":86}},"42":{"start":{"line":90,"column":16},"end":{"line":104,"column":17}},"43":{"start":{"line":91,"column":20},"end":{"line":91,"column":null}},"44":{"start":{"line":92,"column":20},"end":{"line":92,"column":null}},"45":{"start":{"line":94,"column":36},"end":{"line":94,"column":107}},"46":{"start":{"line":94,"column":87},"end":{"line":94,"column":106}},"47":{"start":{"line":95,"column":20},"end":{"line":103,"column":21}},"48":{"start":{"line":96,"column":24},"end":{"line":102,"column":null}},"49":{"start":{"line":108,"column":8},"end":{"line":108,"column":null}},"50":{"start":{"line":112,"column":27},"end":{"line":112,"column":44}},"51":{"start":{"line":113,"column":4},"end":{"line":126,"column":null}},"52":{"start":{"line":114,"column":8},"end":{"line":125,"column":9}},"53":{"start":{"line":115,"column":34},"end":{"line":115,"column":71}},"54":{"start":{"line":116,"column":12},"end":{"line":124,"column":13}},"55":{"start":{"line":117,"column":30},"end":{"line":118,"column":null}},"56":{"start":{"line":118,"column":20},"end":{"line":118,"column":87}},"57":{"start":{"line":118,"column":67},"end":{"line":118,"column":86}},"58":{"start":{"line":120,"column":16},"end":{"line":123,"column":17}},"59":{"start":{"line":121,"column":36},"end":{"line":121,"column":107}},"60":{"start":{"line":121,"column":87},"end":{"line":121,"column":106}},"61":{"start":{"line":122,"column":20},"end":{"line":122,"column":null}},"62":{"start":{"line":122,"column":33},"end":{"line":122,"column":null}},"63":{"start":{"line":129,"column":4},"end":{"line":173,"column":5}},"64":{"start":{"line":130,"column":36},"end":{"line":130,"column":62}},"65":{"start":{"line":131,"column":54},"end":{"line":139,"column":10}},"66":{"start":{"line":141,"column":31},"end":{"line":142,"column":null}},"67":{"start":{"line":142,"column":34},"end":{"line":142,"column":47}},"68":{"start":{"line":144,"column":35},"end":{"line":145,"column":null}},"69":{"start":{"line":145,"column":44},"end":{"line":145,"column":81}},"70":{"start":{"line":149,"column":8},"end":{"line":172,"column":null}},"71":{"start":{"line":150,"column":12},"end":{"line":171,"column":13}},"72":{"start":{"line":151,"column":38},"end":{"line":151,"column":75}},"73":{"start":{"line":152,"column":16},"end":{"line":170,"column":17}},"74":{"start":{"line":153,"column":34},"end":{"line":154,"column":null}},"75":{"start":{"line":154,"column":24},"end":{"line":154,"column":91}},"76":{"start":{"line":154,"column":71},"end":{"line":154,"column":90}},"77":{"start":{"line":156,"column":20},"end":{"line":169,"column":21}},"78":{"start":{"line":157,"column":40},"end":{"line":157,"column":111}},"79":{"start":{"line":157,"column":91},"end":{"line":157,"column":110}},"80":{"start":{"line":158,"column":24},"end":{"line":168,"column":25}},"81":{"start":{"line":159,"column":48},"end":{"line":159,"column":82}},"82":{"start":{"line":160,"column":52},"end":{"line":160,"column":114}},"83":{"start":{"line":162,"column":28},"end":{"line":164,"column":29}},"84":{"start":{"line":163,"column":32},"end":{"line":163,"column":null}},"85":{"start":{"line":165,"column":28},"end":{"line":167,"column":29}},"86":{"start":{"line":166,"column":32},"end":{"line":166,"column":null}},"87":{"start":{"line":175,"column":4},"end":{"line":184,"column":null}},"88":{"start":{"line":9,"column":13},"end":{"line":9,"column":34}},"89":{"start":{"line":187,"column":32},"end":{"line":209,"column":1}},"90":{"start":{"line":188,"column":29},"end":{"line":188,"column":50}},"91":{"start":{"line":190,"column":4},"end":{"line":208,"column":5}},"92":{"start":{"line":192,"column":27},"end":{"line":192,"column":68}},"93":{"start":{"line":195,"column":8},"end":{"line":204,"column":null}},"94":{"start":{"line":206,"column":8},"end":{"line":206,"column":null}},"95":{"start":{"line":207,"column":8},"end":{"line":207,"column":null}},"96":{"start":{"line":187,"column":13},"end":{"line":187,"column":32}},"97":{"start":{"line":211,"column":32},"end":{"line":214,"column":1}},"98":{"start":{"line":212,"column":29},"end":{"line":212,"column":50}},"99":{"start":{"line":213,"column":4},"end":{"line":213,"column":null}},"100":{"start":{"line":211,"column":13},"end":{"line":211,"column":32}}},"fnMap":{"0":{"name":"(anonymous_0)","decl":{"start":{"line":9,"column":34},"end":{"line":9,"column":39}},"loc":{"start":{"line":9,"column":93},"end":{"line":185,"column":1}}},"1":{"name":"(anonymous_1)","decl":{"start":{"line":52,"column":27},"end":{"line":52,"column":29}},"loc":{"start":{"line":52,"column":33},"end":{"line":52,"column":52}}},"2":{"name":"(anonymous_2)","decl":{"start":{"line":56,"column":48},"end":{"line":56,"column":49}},"loc":{"start":{"line":56,"column":53},"end":{"line":56,"column":73}}},"3":{"name":"(anonymous_3)","decl":{"start":{"line":60,"column":57},"end":{"line":60,"column":58}},"loc":{"start":{"line":60,"column":62},"end":{"line":60,"column":74}}},"4":{"name":"(anonymous_4)","decl":{"start":{"line":66,"column":32},"end":{"line":66,"column":34}},"loc":{"start":{"line":66,"column":38},"end":{"line":66,"column":57}}},"5":{"name":"(anonymous_5)","decl":{"start":{"line":71,"column":44},"end":{"line":71,"column":52}},"loc":{"start":{"line":71,"column":55},"end":{"line":109,"column":5}}},"6":{"name":"(anonymous_6)","decl":{"start":{"line":86,"column":56},"end":{"line":86,"column":57}},"loc":{"start":{"line":87,"column":20},"end":{"line":87,"column":87}}},"7":{"name":"(anonymous_7)","decl":{"start":{"line":87,"column":40},"end":{"line":87,"column":41}},"loc":{"start":{"line":87,"column":67},"end":{"line":87,"column":86}}},"8":{"name":"(anonymous_8)","decl":{"start":{"line":94,"column":60},"end":{"line":94,"column":61}},"loc":{"start":{"line":94,"column":87},"end":{"line":94,"column":106}}},"9":{"name":"(anonymous_9)","decl":{"start":{"line":113,"column":29},"end":{"line":113,"column":33}},"loc":{"start":{"line":113,"column":36},"end":{"line":126,"column":5}}},"10":{"name":"(anonymous_10)","decl":{"start":{"line":117,"column":56},"end":{"line":117,"column":57}},"loc":{"start":{"line":118,"column":20},"end":{"line":118,"column":87}}},"11":{"name":"(anonymous_11)","decl":{"start":{"line":118,"column":40},"end":{"line":118,"column":41}},"loc":{"start":{"line":118,"column":67},"end":{"line":118,"column":86}}},"12":{"name":"(anonymous_12)","decl":{"start":{"line":121,"column":60},"end":{"line":121,"column":61}},"loc":{"start":{"line":121,"column":87},"end":{"line":121,"column":106}}},"13":{"name":"(anonymous_13)","decl":{"start":{"line":142,"column":29},"end":{"line":142,"column":30}},"loc":{"start":{"line":142,"column":34},"end":{"line":142,"column":47}}},"14":{"name":"(anonymous_14)","decl":{"start":{"line":145,"column":38},"end":{"line":145,"column":40}},"loc":{"start":{"line":145,"column":44},"end":{"line":145,"column":81}}},"15":{"name":"(anonymous_15)","decl":{"start":{"line":149,"column":33},"end":{"line":149,"column":37}},"loc":{"start":{"line":149,"column":40},"end":{"line":172,"column":9}}},"16":{"name":"(anonymous_16)","decl":{"start":{"line":153,"column":60},"end":{"line":153,"column":61}},"loc":{"start":{"line":154,"column":24},"end":{"line":154,"column":91}}},"17":{"name":"(anonymous_17)","decl":{"start":{"line":154,"column":44},"end":{"line":154,"column":45}},"loc":{"start":{"line":154,"column":71},"end":{"line":154,"column":90}}},"18":{"name":"(anonymous_18)","decl":{"start":{"line":157,"column":64},"end":{"line":157,"column":65}},"loc":{"start":{"line":157,"column":91},"end":{"line":157,"column":110}}},"19":{"name":"(anonymous_19)","decl":{"start":{"line":187,"column":32},"end":{"line":187,"column":37}},"loc":{"start":{"line":187,"column":89},"end":{"line":209,"column":1}}},"20":{"name":"(anonymous_20)","decl":{"start":{"line":211,"column":32},"end":{"line":211,"column":37}},"loc":{"start":{"line":211,"column":89},"end":{"line":214,"column":1}}}},"branchMap":{"0":{"loc":{"start":{"line":22,"column":4},"end":{"line":22,"column":null}},"type":"if","locations":[{"start":{"line":22,"column":4},"end":{"line":22,"column":null}},{"start":{},"end":{}}]},"1":{"loc":{"start":{"line":23,"column":4},"end":{"line":23,"column":null}},"type":"if","locations":[{"start":{"line":23,"column":4},"end":{"line":23,"column":null}},{"start":{},"end":{}}]},"2":{"loc":{"start":{"line":25,"column":24},"end":{"line":25,"column":47}},"type":"binary-expr","locations":[{"start":{"line":25,"column":24},"end":{"line":25,"column":41}},{"start":{"line":25,"column":45},"end":{"line":25,"column":47}}]},"3":{"loc":{"start":{"line":26,"column":4},"end":{"line":37,"column":5}},"type":"if","locations":[{"start":{"line":26,"column":4},"end":{"line":37,"column":5}},{"start":{},"end":{}}]},"4":{"loc":{"start":{"line":33,"column":25},"end":{"line":33,"column":46}},"type":"binary-expr","locations":[{"start":{"line":33,"column":25},"end":{"line":33,"column":38}},{"start":{"line":33,"column":42},"end":{"line":33,"column":46}}]},"5":{"loc":{"start":{"line":59,"column":4},"end":{"line":68,"column":5}},"type":"if","locations":[{"start":{"line":59,"column":4},"end":{"line":68,"column":5}},{"start":{},"end":{}}]},"6":{"loc":{"start":{"line":77,"column":24},"end":{"line":77,"column":79}},"type":"binary-expr","locations":[{"start":{"line":77,"column":24},"end":{"line":77,"column":71}},{"start":{"line":77,"column":75},"end":{"line":77,"column":79}}]},"7":{"loc":{"start":{"line":83,"column":8},"end":{"line":106,"column":9}},"type":"if","locations":[{"start":{"line":83,"column":8},"end":{"line":106,"column":9}},{"start":{},"end":{}}]},"8":{"loc":{"start":{"line":85,"column":12},"end":{"line":105,"column":13}},"type":"if","locations":[{"start":{"line":85,"column":12},"end":{"line":105,"column":13}},{"start":{},"end":{}}]},"9":{"loc":{"start":{"line":90,"column":16},"end":{"line":104,"column":17}},"type":"if","locations":[{"start":{"line":90,"column":16},"end":{"line":104,"column":17}},{"start":{},"end":{}}]},"10":{"loc":{"start":{"line":95,"column":20},"end":{"line":103,"column":21}},"type":"if","locations":[{"start":{"line":95,"column":20},"end":{"line":103,"column":21}},{"start":{},"end":{}}]},"11":{"loc":{"start":{"line":114,"column":8},"end":{"line":125,"column":9}},"type":"if","locations":[{"start":{"line":114,"column":8},"end":{"line":125,"column":9}},{"start":{},"end":{}}]},"12":{"loc":{"start":{"line":114,"column":12},"end":{"line":114,"column":67}},"type":"binary-expr","locations":[{"start":{"line":114,"column":12},"end":{"line":114,"column":30}},{"start":{"line":114,"column":34},"end":{"line":114,"column":67}}]},"13":{"loc":{"start":{"line":116,"column":12},"end":{"line":124,"column":13}},"type":"if","locations":[{"start":{"line":116,"column":12},"end":{"line":124,"column":13}},{"start":{},"end":{}}]},"14":{"loc":{"start":{"line":120,"column":16},"end":{"line":123,"column":17}},"type":"if","locations":[{"start":{"line":120,"column":16},"end":{"line":123,"column":17}},{"start":{},"end":{}}]},"15":{"loc":{"start":{"line":122,"column":20},"end":{"line":122,"column":null}},"type":"if","locations":[{"start":{"line":122,"column":20},"end":{"line":122,"column":null}},{"start":{},"end":{}}]},"16":{"loc":{"start":{"line":129,"column":4},"end":{"line":173,"column":5}},"type":"if","locations":[{"start":{"line":129,"column":4},"end":{"line":173,"column":5}},{"start":{},"end":{}}]},"17":{"loc":{"start":{"line":150,"column":12},"end":{"line":171,"column":13}},"type":"if","locations":[{"start":{"line":150,"column":12},"end":{"line":171,"column":13}},{"start":{},"end":{}}]},"18":{"loc":{"start":{"line":150,"column":16},"end":{"line":150,"column":71}},"type":"binary-expr","locations":[{"start":{"line":150,"column":16},"end":{"line":150,"column":34}},{"start":{"line":150,"column":38},"end":{"line":150,"column":71}}]},"19":{"loc":{"start":{"line":152,"column":16},"end":{"line":170,"column":17}},"type":"if","locations":[{"start":{"line":152,"column":16},"end":{"line":170,"column":17}},{"start":{},"end":{}}]},"20":{"loc":{"start":{"line":156,"column":20},"end":{"line":169,"column":21}},"type":"if","locations":[{"start":{"line":156,"column":20},"end":{"line":169,"column":21}},{"start":{},"end":{}}]},"21":{"loc":{"start":{"line":158,"column":24},"end":{"line":168,"column":25}},"type":"if","locations":[{"start":{"line":158,"column":24},"end":{"line":168,"column":25}},{"start":{},"end":{}}]},"22":{"loc":{"start":{"line":162,"column":28},"end":{"line":164,"column":29}},"type":"if","locations":[{"start":{"line":162,"column":28},"end":{"line":164,"column":29}},{"start":{},"end":{}}]},"23":{"loc":{"start":{"line":165,"column":28},"end":{"line":167,"column":29}},"type":"if","locations":[{"start":{"line":165,"column":28},"end":{"line":167,"column":29}},{"start":{},"end":{}}]},"24":{"loc":{"start":{"line":181,"column":21},"end":{"line":181,"column":42}},"type":"binary-expr","locations":[{"start":{"line":181,"column":21},"end":{"line":181,"column":34}},{"start":{"line":181,"column":38},"end":{"line":181,"column":42}}]}},"s":{"0":0,"1":0,"2":0,"3":0,"4":0,"5":0,"6":0,"7":0,"8":0,"9":0,"10":0,"11":0,"12":0,"13":0,"14":0,"15":0,"16":0,"17":0,"18":0,"19":0,"20":0,"21":0,"22":0,"23":0,"24":0,"25":0,"26":0,"27":0,"28":0,"29":0,"30":0,"31":0,"32":0,"33":0,"34":0,"35":0,"36":0,"37":0,"38":0,"39":0,"40":0,"41":0,"42":0,"43":0,"44":0,"45":0,"46":0,"47":0,"48":0,"49":0,"50":0,"51":0,"52":0,"53":0,"54":0,"55":0,"56":0,"57":0,"58":0,"59":0,"60":0,"61":0,"62":0,"63":0,"64":0,"65":0,"66":0,"67":0,"68":0,"69":0,"70":0,"71":0,"72":0,"73":0,"74":0,"75":0,"76":0,"77":0,"78":0,"79":0,"80":0,"81":0,"82":0,"83":0,"84":0,"85":0,"86":0,"87":0,"88":0,"89":0,"90":0,"91":0,"92":0,"93":0,"94":0,"95":0,"96":0,"97":0,"98":0,"99":0,"100":0},"f":{"0":0,"1":0,"2":0,"3":0,"4":0,"5":0,"6":0,"7":0,"8":0,"9":0,"10":0,"11":0,"12":0,"13":0,"14":0,"15":0,"16":0,"17":0,"18":0,"19":0,"20":0},"b":{"0":[0,0],"1":[0,0],"2":[0,0],"3":[0,0],"4":[0,0],"5":[0,0],"6":[0,0],"7":[0,0],"8":[0,0],"9":[0,0],"10":[0,0],"11":[0,0],"12":[0,0],"13":[0,0],"14":[0,0],"15":[0,0],"16":[0,0],"17":[0,0],"18":[0,0],"19":[0,0],"20":[0,0],"21":[0,0],"22":[0,0],"23":[0,0],"24":[0,0]}}
,"C:\\Users\\Nanna\\Documents\\code\\konnektaro-be\\src\\sockets\\activitySockets.ts": {"path":"C:\\Users\\Nanna\\Documents\\code\\konnektaro-be\\src\\sockets\\activitySockets.ts","statementMap":{"0":{"start":{"line":3,"column":0},"end":{"line":3,"column":16}},"1":{"start":{"line":1,"column":0},"end":{"line":1,"column":42}},"2":{"start":{"line":4,"column":15},"end":{"line":4,"column":32}},"3":{"start":{"line":5,"column":4},"end":{"line":5,"column":67}}},"fnMap":{"0":{"name":"emitActivityUpdate","decl":{"start":{"line":3,"column":16},"end":{"line":3,"column":34}},"loc":{"start":{"line":3,"column":70},"end":{"line":6,"column":1}}}},"branchMap":{},"s":{"0":0,"1":0,"2":0,"3":0},"f":{"0":0},"b":{}}
,"C:\\Users\\Nanna\\Documents\\code\\konnektaro-be\\src\\sockets\\groupActivitySockets.ts": {"path":"C:\\Users\\Nanna\\Documents\\code\\konnektaro-be\\src\\sockets\\groupActivitySockets.ts","statementMap":{"0":{"start":{"line":8,"column":0},"end":{"line":8,"column":16}},"1":{"start":{"line":1,"column":0},"end":{"line":1,"column":44}},"2":{"start":{"line":9,"column":4},"end":{"line":18,"column":5}},"3":{"start":{"line":10,"column":19},"end":{"line":10,"column":36}},"4":{"start":{"line":11,"column":8},"end":{"line":14,"column":11}},"5":{"start":{"line":15,"column":8},"end":{"line":15,"column":95}},"6":{"start":{"line":17,"column":8},"end":{"line":17,"column":68}}},"fnMap":{"0":{"name":"emitGroupsCreated","decl":{"start":{"line":8,"column":16},"end":{"line":8,"column":33}},"loc":{"start":{"line":8,"column":69},"end":{"line":19,"column":1}}}},"branchMap":{},"s":{"0":0,"1":0,"2":0,"3":0,"4":0,"5":0,"6":0},"f":{"0":0},"b":{}}
}
